{"__type":"$$EventMessageWorkflow","id":"6f906d3f-5316-4891-9466-d4aa7615b1aa","ts":"2025-12-12T20:46:10.647+00:00","eventName":"n8n.workflow.started","message":"n8n.workflow.started","payload":{"executionId":"15","workflowId":"xuSUnDL8hNH3PNox","isManual":false,"workflowName":"My workflow 2"}}
{"__type":"$$EventMessageConfirm","confirm":"6f906d3f-5316-4891-9466-d4aa7615b1aa","ts":"2025-12-12T20:46:10.647+00:00","source":{"id":"0","name":"eventBus"}}
{"__type":"$$EventMessageNode","id":"d65640e6-02d4-4880-aed2-bb830f18f127","ts":"2025-12-12T20:46:10.649+00:00","eventName":"n8n.node.started","message":"n8n.node.started","payload":{"workflowId":"xuSUnDL8hNH3PNox","workflowName":"My workflow 2","executionId":"15","nodeType":"n8n-nodes-base.cron","nodeName":"Cron Trigger","nodeId":"b4c44102-59db-48c7-80e9-3a25c61603f3"}}
{"__type":"$$EventMessageConfirm","confirm":"d65640e6-02d4-4880-aed2-bb830f18f127","ts":"2025-12-12T20:46:10.649+00:00","source":{"id":"0","name":"eventBus"}}
{"__type":"$$EventMessageNode","id":"2c37639b-b92f-4075-a5b3-9fb6f218d08a","ts":"2025-12-12T20:46:10.651+00:00","eventName":"n8n.node.finished","message":"n8n.node.finished","payload":{"workflowId":"xuSUnDL8hNH3PNox","workflowName":"My workflow 2","executionId":"15","nodeType":"n8n-nodes-base.cron","nodeName":"Cron Trigger","nodeId":"b4c44102-59db-48c7-80e9-3a25c61603f3"}}
{"__type":"$$EventMessageConfirm","confirm":"2c37639b-b92f-4075-a5b3-9fb6f218d08a","ts":"2025-12-12T20:46:10.651+00:00","source":{"id":"0","name":"eventBus"}}
{"__type":"$$EventMessageNode","id":"cb802727-1d44-4fff-b62a-8b6dd4c831be","ts":"2025-12-12T20:46:10.652+00:00","eventName":"n8n.node.started","message":"n8n.node.started","payload":{"workflowId":"xuSUnDL8hNH3PNox","workflowName":"My workflow 2","executionId":"15","nodeType":"n8n-nodes-base.httpRequest","nodeName":"HTTP Request (FastAPI)","nodeId":"f461b4ba-5fb2-46c3-9207-efc8950a635b"}}
{"__type":"$$EventMessageConfirm","confirm":"cb802727-1d44-4fff-b62a-8b6dd4c831be","ts":"2025-12-12T20:46:10.652+00:00","source":{"id":"0","name":"eventBus"}}
{"__type":"$$EventMessageNode","id":"9de4eeb5-d26d-48e9-9a97-9d8cd6456298","ts":"2025-12-12T20:46:10.702+00:00","eventName":"n8n.node.finished","message":"n8n.node.finished","payload":{"workflowId":"xuSUnDL8hNH3PNox","workflowName":"My workflow 2","executionId":"15","nodeType":"n8n-nodes-base.httpRequest","nodeName":"HTTP Request (FastAPI)","nodeId":"f461b4ba-5fb2-46c3-9207-efc8950a635b"}}
{"__type":"$$EventMessageConfirm","confirm":"9de4eeb5-d26d-48e9-9a97-9d8cd6456298","ts":"2025-12-12T20:46:10.702+00:00","source":{"id":"0","name":"eventBus"}}
{"__type":"$$EventMessageWorkflow","id":"9ec6234b-a59d-4bde-ae14-8384bf6807a5","ts":"2025-12-12T20:46:10.707+00:00","eventName":"n8n.workflow.failed","message":"n8n.workflow.failed","payload":{"userId":"0c9a3827-5d7b-4f2b-9a5c-5480b8ddcc84","executionId":"15","success":false,"isManual":true,"workflowId":"xuSUnDL8hNH3PNox","workflowName":"My workflow 2","lastNodeExecuted":"HTTP Request (FastAPI)","errorNodeType":"n8n-nodes-base.httpRequest","errorMessage":"The service refused the connection - perhaps it is offline"}}
{"__type":"$$EventMessageConfirm","confirm":"9ec6234b-a59d-4bde-ae14-8384bf6807a5","ts":"2025-12-12T20:46:10.707+00:00","source":{"id":"0","name":"eventBus"}}
{"__type":"$$EventMessageWorkflow","id":"8f58a0a1-5276-4034-b75e-7319adef5b08","ts":"2025-12-12T20:47:22.619+00:00","eventName":"n8n.workflow.started","message":"n8n.workflow.started","payload":{"executionId":"16","workflowId":"xuSUnDL8hNH3PNox","isManual":false,"workflowName":"My workflow 2"}}
{"__type":"$$EventMessageConfirm","confirm":"8f58a0a1-5276-4034-b75e-7319adef5b08","ts":"2025-12-12T20:47:22.619+00:00","source":{"id":"0","name":"eventBus"}}
{"__type":"$$EventMessageNode","id":"decd3d1d-e3f9-43dc-8476-51fdd92b86f7","ts":"2025-12-12T20:47:22.620+00:00","eventName":"n8n.node.started","message":"n8n.node.started","payload":{"workflowId":"xuSUnDL8hNH3PNox","workflowName":"My workflow 2","executionId":"16","nodeType":"n8n-nodes-base.httpRequest","nodeName":"HTTP Request (FastAPI)","nodeId":"f461b4ba-5fb2-46c3-9207-efc8950a635b"}}
{"__type":"$$EventMessageConfirm","confirm":"decd3d1d-e3f9-43dc-8476-51fdd92b86f7","ts":"2025-12-12T20:47:22.620+00:00","source":{"id":"0","name":"eventBus"}}
{"__type":"$$EventMessageNode","id":"b1e2b466-ac60-45e5-bfd8-3577e00be8d0","ts":"2025-12-12T20:47:22.625+00:00","eventName":"n8n.node.finished","message":"n8n.node.finished","payload":{"workflowId":"xuSUnDL8hNH3PNox","workflowName":"My workflow 2","executionId":"16","nodeType":"n8n-nodes-base.httpRequest","nodeName":"HTTP Request (FastAPI)","nodeId":"f461b4ba-5fb2-46c3-9207-efc8950a635b"}}
{"__type":"$$EventMessageConfirm","confirm":"b1e2b466-ac60-45e5-bfd8-3577e00be8d0","ts":"2025-12-12T20:47:22.625+00:00","source":{"id":"0","name":"eventBus"}}
{"__type":"$$EventMessageWorkflow","id":"92c8b815-96f4-4a14-a6ae-df238a9f9497","ts":"2025-12-12T20:47:22.627+00:00","eventName":"n8n.workflow.failed","message":"n8n.workflow.failed","payload":{"userId":"0c9a3827-5d7b-4f2b-9a5c-5480b8ddcc84","executionId":"16","success":false,"isManual":true,"workflowId":"xuSUnDL8hNH3PNox","workflowName":"My workflow 2","lastNodeExecuted":"HTTP Request (FastAPI)","errorNodeType":"n8n-nodes-base.httpRequest","errorMessage":"The service refused the connection - perhaps it is offline"}}
{"__type":"$$EventMessageConfirm","confirm":"92c8b815-96f4-4a14-a6ae-df238a9f9497","ts":"2025-12-12T20:47:22.627+00:00","source":{"id":"0","name":"eventBus"}}
{"__type":"$$EventMessageWorkflow","id":"277145fb-c259-49f1-a28b-b4b1aada4f19","ts":"2025-12-12T20:48:54.614+00:00","eventName":"n8n.workflow.started","message":"n8n.workflow.started","payload":{"executionId":"17","workflowId":"xuSUnDL8hNH3PNox","isManual":false,"workflowName":"My workflow 2"}}
{"__type":"$$EventMessageConfirm","confirm":"277145fb-c259-49f1-a28b-b4b1aada4f19","ts":"2025-12-12T20:48:54.614+00:00","source":{"id":"0","name":"eventBus"}}
{"__type":"$$EventMessageNode","id":"7dc3d9cd-7d62-4b83-b45a-c4c99ed8bc01","ts":"2025-12-12T20:48:54.615+00:00","eventName":"n8n.node.started","message":"n8n.node.started","payload":{"workflowId":"xuSUnDL8hNH3PNox","workflowName":"My workflow 2","executionId":"17","nodeType":"n8n-nodes-base.httpRequest","nodeName":"HTTP Request (FastAPI)","nodeId":"f461b4ba-5fb2-46c3-9207-efc8950a635b"}}
{"__type":"$$EventMessageConfirm","confirm":"7dc3d9cd-7d62-4b83-b45a-c4c99ed8bc01","ts":"2025-12-12T20:48:54.615+00:00","source":{"id":"0","name":"eventBus"}}
{"__type":"$$EventMessageNode","id":"5b457ce4-f512-4a43-be98-eb0c6053094b","ts":"2025-12-12T20:48:54.636+00:00","eventName":"n8n.node.finished","message":"n8n.node.finished","payload":{"workflowId":"xuSUnDL8hNH3PNox","workflowName":"My workflow 2","executionId":"17","nodeType":"n8n-nodes-base.httpRequest","nodeName":"HTTP Request (FastAPI)","nodeId":"f461b4ba-5fb2-46c3-9207-efc8950a635b"}}
{"__type":"$$EventMessageConfirm","confirm":"5b457ce4-f512-4a43-be98-eb0c6053094b","ts":"2025-12-12T20:48:54.636+00:00","source":{"id":"0","name":"eventBus"}}
{"__type":"$$EventMessageWorkflow","id":"cb502f06-22a7-41a1-9d21-ed4bfd43a603","ts":"2025-12-12T20:48:54.638+00:00","eventName":"n8n.workflow.failed","message":"n8n.workflow.failed","payload":{"userId":"0c9a3827-5d7b-4f2b-9a5c-5480b8ddcc84","executionId":"17","success":false,"isManual":true,"workflowId":"xuSUnDL8hNH3PNox","workflowName":"My workflow 2","lastNodeExecuted":"HTTP Request (FastAPI)","errorNodeType":"n8n-nodes-base.httpRequest","errorMessage":"Your request is invalid or could not be processed by the service"}}
{"__type":"$$EventMessageConfirm","confirm":"cb502f06-22a7-41a1-9d21-ed4bfd43a603","ts":"2025-12-12T20:48:54.638+00:00","source":{"id":"0","name":"eventBus"}}
{"__type":"$$EventMessageWorkflow","id":"13c20a7c-8059-49e9-aa5f-eef86038aa55","ts":"2025-12-12T20:49:03.889+00:00","eventName":"n8n.workflow.started","message":"n8n.workflow.started","payload":{"executionId":"18","workflowId":"xuSUnDL8hNH3PNox","isManual":false,"workflowName":"My workflow 2"}}
{"__type":"$$EventMessageConfirm","confirm":"13c20a7c-8059-49e9-aa5f-eef86038aa55","ts":"2025-12-12T20:49:03.889+00:00","source":{"id":"0","name":"eventBus"}}
{"__type":"$$EventMessageNode","id":"c3534429-9d70-4659-b674-92a974e7afed","ts":"2025-12-12T20:49:03.890+00:00","eventName":"n8n.node.started","message":"n8n.node.started","payload":{"workflowId":"xuSUnDL8hNH3PNox","workflowName":"My workflow 2","executionId":"18","nodeType":"n8n-nodes-base.httpRequest","nodeName":"HTTP Request (FastAPI)","nodeId":"f461b4ba-5fb2-46c3-9207-efc8950a635b"}}
{"__type":"$$EventMessageConfirm","confirm":"c3534429-9d70-4659-b674-92a974e7afed","ts":"2025-12-12T20:49:03.890+00:00","source":{"id":"0","name":"eventBus"}}
{"__type":"$$EventMessageNode","id":"f4600a90-b99d-468d-9591-d74e8dc50ccb","ts":"2025-12-12T20:49:03.896+00:00","eventName":"n8n.node.finished","message":"n8n.node.finished","payload":{"workflowId":"xuSUnDL8hNH3PNox","workflowName":"My workflow 2","executionId":"18","nodeType":"n8n-nodes-base.httpRequest","nodeName":"HTTP Request (FastAPI)","nodeId":"f461b4ba-5fb2-46c3-9207-efc8950a635b"}}
{"__type":"$$EventMessageConfirm","confirm":"f4600a90-b99d-468d-9591-d74e8dc50ccb","ts":"2025-12-12T20:49:03.896+00:00","source":{"id":"0","name":"eventBus"}}
{"__type":"$$EventMessageWorkflow","id":"f2da0e33-d4d2-4180-b69c-138b85b4eb8a","ts":"2025-12-12T20:49:03.898+00:00","eventName":"n8n.workflow.failed","message":"n8n.workflow.failed","payload":{"userId":"0c9a3827-5d7b-4f2b-9a5c-5480b8ddcc84","executionId":"18","success":false,"isManual":true,"workflowId":"xuSUnDL8hNH3PNox","workflowName":"My workflow 2","lastNodeExecuted":"HTTP Request (FastAPI)","errorNodeType":"n8n-nodes-base.httpRequest","errorMessage":"Method not allowed - please check you are using the right HTTP method"}}
{"__type":"$$EventMessageConfirm","confirm":"f2da0e33-d4d2-4180-b69c-138b85b4eb8a","ts":"2025-12-12T20:49:03.898+00:00","source":{"id":"0","name":"eventBus"}}
{"__type":"$$EventMessageWorkflow","id":"0374d488-938e-4e84-bb4d-2296dd34d821","ts":"2025-12-12T20:49:13.905+00:00","eventName":"n8n.workflow.started","message":"n8n.workflow.started","payload":{"executionId":"19","workflowId":"xuSUnDL8hNH3PNox","isManual":false,"workflowName":"My workflow 2"}}
{"__type":"$$EventMessageConfirm","confirm":"0374d488-938e-4e84-bb4d-2296dd34d821","ts":"2025-12-12T20:49:13.905+00:00","source":{"id":"0","name":"eventBus"}}
{"__type":"$$EventMessageNode","id":"279bf9f8-7981-488b-a15a-751656ac54cd","ts":"2025-12-12T20:49:13.906+00:00","eventName":"n8n.node.started","message":"n8n.node.started","payload":{"workflowId":"xuSUnDL8hNH3PNox","workflowName":"My workflow 2","executionId":"19","nodeType":"n8n-nodes-base.httpRequest","nodeName":"HTTP Request (FastAPI)","nodeId":"f461b4ba-5fb2-46c3-9207-efc8950a635b"}}
{"__type":"$$EventMessageConfirm","confirm":"279bf9f8-7981-488b-a15a-751656ac54cd","ts":"2025-12-12T20:49:13.906+00:00","source":{"id":"0","name":"eventBus"}}
{"__type":"$$EventMessageNode","id":"3eadddfe-693f-4aa8-af72-84ad38d4404d","ts":"2025-12-12T20:49:13.912+00:00","eventName":"n8n.node.finished","message":"n8n.node.finished","payload":{"workflowId":"xuSUnDL8hNH3PNox","workflowName":"My workflow 2","executionId":"19","nodeType":"n8n-nodes-base.httpRequest","nodeName":"HTTP Request (FastAPI)","nodeId":"f461b4ba-5fb2-46c3-9207-efc8950a635b"}}
{"__type":"$$EventMessageConfirm","confirm":"3eadddfe-693f-4aa8-af72-84ad38d4404d","ts":"2025-12-12T20:49:13.912+00:00","source":{"id":"0","name":"eventBus"}}
{"__type":"$$EventMessageWorkflow","id":"6254dc9b-c4af-4e0b-8452-d916a1e8e668","ts":"2025-12-12T20:49:13.914+00:00","eventName":"n8n.workflow.failed","message":"n8n.workflow.failed","payload":{"userId":"0c9a3827-5d7b-4f2b-9a5c-5480b8ddcc84","executionId":"19","success":false,"isManual":true,"workflowId":"xuSUnDL8hNH3PNox","workflowName":"My workflow 2","lastNodeExecuted":"HTTP Request (FastAPI)","errorNodeType":"n8n-nodes-base.httpRequest","errorMessage":"Your request is invalid or could not be processed by the service"}}
{"__type":"$$EventMessageConfirm","confirm":"6254dc9b-c4af-4e0b-8452-d916a1e8e668","ts":"2025-12-12T20:49:13.914+00:00","source":{"id":"0","name":"eventBus"}}
{"__type":"$$EventMessageAudit","id":"b6c8494f-8342-4eeb-93a3-81873e60fdc1","ts":"2025-12-12T20:52:44.486+00:00","eventName":"n8n.audit.workflow.updated","message":"n8n.audit.workflow.updated","payload":{"userId":"0c9a3827-5d7b-4f2b-9a5c-5480b8ddcc84","_email":"osepansergej@gmail.com","_firstName":"Сергей","_lastName":"Осепян","globalRole":"global:owner","workflowId":"xuSUnDL8hNH3PNox","workflowName":"My workflow 2"}}
{"__type":"$$EventMessageConfirm","confirm":"b6c8494f-8342-4eeb-93a3-81873e60fdc1","ts":"2025-12-12T20:52:44.486+00:00","source":{"id":"0","name":"eventBus"}}
{"__type":"$$EventMessageAudit","id":"a7c6f047-7ec8-4318-a7e2-6a5fb3a9f6a2","ts":"2025-12-12T20:53:33.469+00:00","eventName":"n8n.audit.workflow.created","message":"n8n.audit.workflow.created","payload":{"userId":"0c9a3827-5d7b-4f2b-9a5c-5480b8ddcc84","_email":"osepansergej@gmail.com","_firstName":"Сергей","_lastName":"Осепян","globalRole":"global:owner","workflowId":"3zPp1tNi6wFKKk6E","workflowName":"Weekly Weather Forecast Pipeline"}}
{"__type":"$$EventMessageConfirm","confirm":"a7c6f047-7ec8-4318-a7e2-6a5fb3a9f6a2","ts":"2025-12-12T20:53:33.469+00:00","source":{"id":"0","name":"eventBus"}}
{"__type":"$$EventMessageWorkflow","id":"ebac99d4-36fd-4e21-bc64-dce8f79e0045","ts":"2025-12-12T20:53:33.925+00:00","eventName":"n8n.workflow.started","message":"n8n.workflow.started","payload":{"executionId":"20","workflowId":"3zPp1tNi6wFKKk6E","isManual":false,"workflowName":"Weekly Weather Forecast Pipeline"}}
{"__type":"$$EventMessageConfirm","confirm":"ebac99d4-36fd-4e21-bc64-dce8f79e0045","ts":"2025-12-12T20:53:33.925+00:00","source":{"id":"0","name":"eventBus"}}
{"__type":"$$EventMessageNode","id":"187899be-d4be-46ee-be3f-f7cb2f4bbefa","ts":"2025-12-12T20:53:33.926+00:00","eventName":"n8n.node.started","message":"n8n.node.started","payload":{"workflowId":"3zPp1tNi6wFKKk6E","workflowName":"Weekly Weather Forecast Pipeline","executionId":"20","nodeType":"n8n-nodes-base.cron","nodeName":"Cron Trigger","nodeId":"3f600ba0-cb39-42dd-9b46-9c41633fef68"}}
{"__type":"$$EventMessageConfirm","confirm":"187899be-d4be-46ee-be3f-f7cb2f4bbefa","ts":"2025-12-12T20:53:33.926+00:00","source":{"id":"0","name":"eventBus"}}
{"__type":"$$EventMessageNode","id":"4ca9db49-1220-4065-a2ec-c91fcabebb99","ts":"2025-12-12T20:53:33.926+00:00","eventName":"n8n.node.finished","message":"n8n.node.finished","payload":{"workflowId":"3zPp1tNi6wFKKk6E","workflowName":"Weekly Weather Forecast Pipeline","executionId":"20","nodeType":"n8n-nodes-base.cron","nodeName":"Cron Trigger","nodeId":"3f600ba0-cb39-42dd-9b46-9c41633fef68"}}
{"__type":"$$EventMessageConfirm","confirm":"4ca9db49-1220-4065-a2ec-c91fcabebb99","ts":"2025-12-12T20:53:33.926+00:00","source":{"id":"0","name":"eventBus"}}
{"__type":"$$EventMessageNode","id":"18e4891f-2006-43ed-97d4-844bd4f36b23","ts":"2025-12-12T20:53:33.927+00:00","eventName":"n8n.node.started","message":"n8n.node.started","payload":{"workflowId":"3zPp1tNi6wFKKk6E","workflowName":"Weekly Weather Forecast Pipeline","executionId":"20","nodeType":"n8n-nodes-base.httpRequest","nodeName":"HTTP Request (FastAPI Predict)","nodeId":"593bef1a-57ce-4d9e-963b-ef3cc496c18d"}}
{"__type":"$$EventMessageConfirm","confirm":"18e4891f-2006-43ed-97d4-844bd4f36b23","ts":"2025-12-12T20:53:33.927+00:00","source":{"id":"0","name":"eventBus"}}
{"__type":"$$EventMessageNode","id":"7f584214-29df-4ce7-ac35-5851b21be2f7","ts":"2025-12-12T20:53:33.934+00:00","eventName":"n8n.node.finished","message":"n8n.node.finished","payload":{"workflowId":"3zPp1tNi6wFKKk6E","workflowName":"Weekly Weather Forecast Pipeline","executionId":"20","nodeType":"n8n-nodes-base.httpRequest","nodeName":"HTTP Request (FastAPI Predict)","nodeId":"593bef1a-57ce-4d9e-963b-ef3cc496c18d"}}
{"__type":"$$EventMessageConfirm","confirm":"7f584214-29df-4ce7-ac35-5851b21be2f7","ts":"2025-12-12T20:53:33.934+00:00","source":{"id":"0","name":"eventBus"}}
{"__type":"$$EventMessageWorkflow","id":"20cbf366-8aad-4446-99f6-e1e671f81356","ts":"2025-12-12T20:53:33.937+00:00","eventName":"n8n.workflow.failed","message":"n8n.workflow.failed","payload":{"userId":"0c9a3827-5d7b-4f2b-9a5c-5480b8ddcc84","executionId":"20","success":false,"isManual":true,"workflowId":"3zPp1tNi6wFKKk6E","workflowName":"Weekly Weather Forecast Pipeline","lastNodeExecuted":"HTTP Request (FastAPI Predict)","errorNodeType":"n8n-nodes-base.httpRequest","errorMessage":"Bad request - please check your parameters"}}
{"__type":"$$EventMessageConfirm","confirm":"20cbf366-8aad-4446-99f6-e1e671f81356","ts":"2025-12-12T20:53:33.937+00:00","source":{"id":"0","name":"eventBus"}}
{"__type":"$$EventMessageWorkflow","id":"3cff219c-98cf-45e8-b23f-2a829ef46c4e","ts":"2025-12-12T20:54:09.741+00:00","eventName":"n8n.workflow.started","message":"n8n.workflow.started","payload":{"executionId":"21","workflowId":"3zPp1tNi6wFKKk6E","isManual":false,"workflowName":"Weekly Weather Forecast Pipeline"}}
{"__type":"$$EventMessageConfirm","confirm":"3cff219c-98cf-45e8-b23f-2a829ef46c4e","ts":"2025-12-12T20:54:09.741+00:00","source":{"id":"0","name":"eventBus"}}
{"__type":"$$EventMessageNode","id":"c1e3aa2a-717f-4137-b020-07f13b22eb6e","ts":"2025-12-12T20:54:09.742+00:00","eventName":"n8n.node.started","message":"n8n.node.started","payload":{"workflowId":"3zPp1tNi6wFKKk6E","workflowName":"Weekly Weather Forecast Pipeline","executionId":"21","nodeType":"n8n-nodes-base.httpRequest","nodeName":"HTTP Request (FastAPI Predict)","nodeId":"593bef1a-57ce-4d9e-963b-ef3cc496c18d"}}
{"__type":"$$EventMessageConfirm","confirm":"c1e3aa2a-717f-4137-b020-07f13b22eb6e","ts":"2025-12-12T20:54:09.742+00:00","source":{"id":"0","name":"eventBus"}}
{"__type":"$$EventMessageNode","id":"d278e53a-bee4-4dcc-a2fa-2698dc327dd7","ts":"2025-12-12T20:54:09.748+00:00","eventName":"n8n.node.finished","message":"n8n.node.finished","payload":{"workflowId":"3zPp1tNi6wFKKk6E","workflowName":"Weekly Weather Forecast Pipeline","executionId":"21","nodeType":"n8n-nodes-base.httpRequest","nodeName":"HTTP Request (FastAPI Predict)","nodeId":"593bef1a-57ce-4d9e-963b-ef3cc496c18d"}}
{"__type":"$$EventMessageConfirm","confirm":"d278e53a-bee4-4dcc-a2fa-2698dc327dd7","ts":"2025-12-12T20:54:09.748+00:00","source":{"id":"0","name":"eventBus"}}
{"__type":"$$EventMessageWorkflow","id":"418d6e01-759a-428d-bd57-f7f910684336","ts":"2025-12-12T20:54:09.750+00:00","eventName":"n8n.workflow.failed","message":"n8n.workflow.failed","payload":{"userId":"0c9a3827-5d7b-4f2b-9a5c-5480b8ddcc84","executionId":"21","success":false,"isManual":true,"workflowId":"3zPp1tNi6wFKKk6E","workflowName":"Weekly Weather Forecast Pipeline","lastNodeExecuted":"HTTP Request (FastAPI Predict)","errorNodeType":"n8n-nodes-base.httpRequest","errorMessage":"Bad request - please check your parameters"}}
{"__type":"$$EventMessageConfirm","confirm":"418d6e01-759a-428d-bd57-f7f910684336","ts":"2025-12-12T20:54:09.750+00:00","source":{"id":"0","name":"eventBus"}}
{"__type":"$$EventMessageWorkflow","id":"c9c17b56-e515-452d-bdac-2633edc12cd7","ts":"2025-12-12T20:54:16.715+00:00","eventName":"n8n.workflow.started","message":"n8n.workflow.started","payload":{"executionId":"22","workflowId":"3zPp1tNi6wFKKk6E","isManual":false,"workflowName":"Weekly Weather Forecast Pipeline"}}
{"__type":"$$EventMessageConfirm","confirm":"c9c17b56-e515-452d-bdac-2633edc12cd7","ts":"2025-12-12T20:54:16.715+00:00","source":{"id":"0","name":"eventBus"}}
{"__type":"$$EventMessageNode","id":"dce8b358-5ff0-48d1-871c-60039d3fda54","ts":"2025-12-12T20:54:16.716+00:00","eventName":"n8n.node.started","message":"n8n.node.started","payload":{"workflowId":"3zPp1tNi6wFKKk6E","workflowName":"Weekly Weather Forecast Pipeline","executionId":"22","nodeType":"n8n-nodes-base.httpRequest","nodeName":"HTTP Request (FastAPI Predict)","nodeId":"593bef1a-57ce-4d9e-963b-ef3cc496c18d"}}
{"__type":"$$EventMessageConfirm","confirm":"dce8b358-5ff0-48d1-871c-60039d3fda54","ts":"2025-12-12T20:54:16.716+00:00","source":{"id":"0","name":"eventBus"}}
{"__type":"$$EventMessageNode","id":"075fcc0d-c70b-413f-9d29-b110d63bad8c","ts":"2025-12-12T20:54:16.722+00:00","eventName":"n8n.node.finished","message":"n8n.node.finished","payload":{"workflowId":"3zPp1tNi6wFKKk6E","workflowName":"Weekly Weather Forecast Pipeline","executionId":"22","nodeType":"n8n-nodes-base.httpRequest","nodeName":"HTTP Request (FastAPI Predict)","nodeId":"593bef1a-57ce-4d9e-963b-ef3cc496c18d"}}
{"__type":"$$EventMessageConfirm","confirm":"075fcc0d-c70b-413f-9d29-b110d63bad8c","ts":"2025-12-12T20:54:16.722+00:00","source":{"id":"0","name":"eventBus"}}
{"__type":"$$EventMessageWorkflow","id":"9a275237-fbd1-46b7-82b9-a35ab258b2fc","ts":"2025-12-12T20:54:16.724+00:00","eventName":"n8n.workflow.failed","message":"n8n.workflow.failed","payload":{"userId":"0c9a3827-5d7b-4f2b-9a5c-5480b8ddcc84","executionId":"22","success":false,"isManual":true,"workflowId":"3zPp1tNi6wFKKk6E","workflowName":"Weekly Weather Forecast Pipeline","lastNodeExecuted":"HTTP Request (FastAPI Predict)","errorNodeType":"n8n-nodes-base.httpRequest","errorMessage":"Bad request - please check your parameters"}}
{"__type":"$$EventMessageConfirm","confirm":"9a275237-fbd1-46b7-82b9-a35ab258b2fc","ts":"2025-12-12T20:54:16.724+00:00","source":{"id":"0","name":"eventBus"}}
{"__type":"$$EventMessageWorkflow","id":"5b6aa289-cfa4-49a9-8bf6-d691500b3cab","ts":"2025-12-12T20:54:25.682+00:00","eventName":"n8n.workflow.started","message":"n8n.workflow.started","payload":{"executionId":"23","workflowId":"3zPp1tNi6wFKKk6E","isManual":false,"workflowName":"Weekly Weather Forecast Pipeline"}}
{"__type":"$$EventMessageConfirm","confirm":"5b6aa289-cfa4-49a9-8bf6-d691500b3cab","ts":"2025-12-12T20:54:25.682+00:00","source":{"id":"0","name":"eventBus"}}
{"__type":"$$EventMessageNode","id":"b41a75ee-8207-45f5-bbcb-b1ec8661ed04","ts":"2025-12-12T20:54:25.683+00:00","eventName":"n8n.node.started","message":"n8n.node.started","payload":{"workflowId":"3zPp1tNi6wFKKk6E","workflowName":"Weekly Weather Forecast Pipeline","executionId":"23","nodeType":"n8n-nodes-base.httpRequest","nodeName":"HTTP Request (FastAPI Predict)","nodeId":"593bef1a-57ce-4d9e-963b-ef3cc496c18d"}}
{"__type":"$$EventMessageConfirm","confirm":"b41a75ee-8207-45f5-bbcb-b1ec8661ed04","ts":"2025-12-12T20:54:25.683+00:00","source":{"id":"0","name":"eventBus"}}
{"__type":"$$EventMessageNode","id":"6ac3dbe5-6477-4e23-aa6a-1ef9ab318473","ts":"2025-12-12T20:54:25.689+00:00","eventName":"n8n.node.finished","message":"n8n.node.finished","payload":{"workflowId":"3zPp1tNi6wFKKk6E","workflowName":"Weekly Weather Forecast Pipeline","executionId":"23","nodeType":"n8n-nodes-base.httpRequest","nodeName":"HTTP Request (FastAPI Predict)","nodeId":"593bef1a-57ce-4d9e-963b-ef3cc496c18d"}}
{"__type":"$$EventMessageConfirm","confirm":"6ac3dbe5-6477-4e23-aa6a-1ef9ab318473","ts":"2025-12-12T20:54:25.689+00:00","source":{"id":"0","name":"eventBus"}}
{"__type":"$$EventMessageWorkflow","id":"ee8262f2-36d2-4b90-85a5-ffd641872556","ts":"2025-12-12T20:54:25.691+00:00","eventName":"n8n.workflow.failed","message":"n8n.workflow.failed","payload":{"userId":"0c9a3827-5d7b-4f2b-9a5c-5480b8ddcc84","executionId":"23","success":false,"isManual":true,"workflowId":"3zPp1tNi6wFKKk6E","workflowName":"Weekly Weather Forecast Pipeline","lastNodeExecuted":"HTTP Request (FastAPI Predict)","errorNodeType":"n8n-nodes-base.httpRequest","errorMessage":"Bad request - please check your parameters"}}
{"__type":"$$EventMessageConfirm","confirm":"ee8262f2-36d2-4b90-85a5-ffd641872556","ts":"2025-12-12T20:54:25.691+00:00","source":{"id":"0","name":"eventBus"}}
{"__type":"$$EventMessageAudit","id":"1ba98cd3-1df3-4e5d-8edb-ed8f06075033","ts":"2025-12-12T20:56:05.508+00:00","eventName":"n8n.audit.workflow.created","message":"n8n.audit.workflow.created","payload":{"userId":"0c9a3827-5d7b-4f2b-9a5c-5480b8ddcc84","_email":"osepansergej@gmail.com","_firstName":"Сергей","_lastName":"Осепян","globalRole":"global:owner","workflowId":"3FV7bhmEnjYUnUWN","workflowName":"Weekly Weather Forecast Pipeline"}}
{"__type":"$$EventMessageConfirm","confirm":"1ba98cd3-1df3-4e5d-8edb-ed8f06075033","ts":"2025-12-12T20:56:05.508+00:00","source":{"id":"0","name":"eventBus"}}
{"__type":"$$EventMessageWorkflow","id":"60a5e8c6-be61-458e-83bb-f08957d00141","ts":"2025-12-12T20:56:06.081+00:00","eventName":"n8n.workflow.started","message":"n8n.workflow.started","payload":{"executionId":"24","workflowId":"3FV7bhmEnjYUnUWN","isManual":false,"workflowName":"Weekly Weather Forecast Pipeline"}}
{"__type":"$$EventMessageConfirm","confirm":"60a5e8c6-be61-458e-83bb-f08957d00141","ts":"2025-12-12T20:56:06.081+00:00","source":{"id":"0","name":"eventBus"}}
{"__type":"$$EventMessageNode","id":"85de37d4-bcea-4a5b-9ff1-1bb2a1a15719","ts":"2025-12-12T20:56:06.082+00:00","eventName":"n8n.node.started","message":"n8n.node.started","payload":{"workflowId":"3FV7bhmEnjYUnUWN","workflowName":"Weekly Weather Forecast Pipeline","executionId":"24","nodeType":"n8n-nodes-base.cron","nodeName":"Cron Trigger","nodeId":"31eacae3-ec9c-4945-a43b-c4198640270a"}}
{"__type":"$$EventMessageConfirm","confirm":"85de37d4-bcea-4a5b-9ff1-1bb2a1a15719","ts":"2025-12-12T20:56:06.082+00:00","source":{"id":"0","name":"eventBus"}}
{"__type":"$$EventMessageNode","id":"b84938d3-245f-47f0-9cfe-57d6c3309344","ts":"2025-12-12T20:56:06.083+00:00","eventName":"n8n.node.finished","message":"n8n.node.finished","payload":{"workflowId":"3FV7bhmEnjYUnUWN","workflowName":"Weekly Weather Forecast Pipeline","executionId":"24","nodeType":"n8n-nodes-base.cron","nodeName":"Cron Trigger","nodeId":"31eacae3-ec9c-4945-a43b-c4198640270a"}}
{"__type":"$$EventMessageConfirm","confirm":"b84938d3-245f-47f0-9cfe-57d6c3309344","ts":"2025-12-12T20:56:06.083+00:00","source":{"id":"0","name":"eventBus"}}
{"__type":"$$EventMessageNode","id":"f3222cb6-75c6-4ac2-8ddc-5a876433ec18","ts":"2025-12-12T20:56:06.083+00:00","eventName":"n8n.node.started","message":"n8n.node.started","payload":{"workflowId":"3FV7bhmEnjYUnUWN","workflowName":"Weekly Weather Forecast Pipeline","executionId":"24","nodeType":"n8n-nodes-base.function","nodeName":"Generate Dates","nodeId":"119590d7-076c-4958-b0f2-86d9ab1dafbd"}}
{"__type":"$$EventMessageConfirm","confirm":"f3222cb6-75c6-4ac2-8ddc-5a876433ec18","ts":"2025-12-12T20:56:06.083+00:00","source":{"id":"0","name":"eventBus"}}
{"__type":"$$EventMessageNode","id":"2e263a75-a6b3-4663-b1ed-fa375648690e","ts":"2025-12-12T15:56:06.101-05:00","eventName":"n8n.node.finished","message":"n8n.node.finished","payload":{"workflowId":"3FV7bhmEnjYUnUWN","workflowName":"Weekly Weather Forecast Pipeline","executionId":"24","nodeType":"n8n-nodes-base.function","nodeName":"Generate Dates","nodeId":"119590d7-076c-4958-b0f2-86d9ab1dafbd"}}
{"__type":"$$EventMessageConfirm","confirm":"2e263a75-a6b3-4663-b1ed-fa375648690e","ts":"2025-12-12T15:56:06.101-05:00","source":{"id":"0","name":"eventBus"}}
{"__type":"$$EventMessageNode","id":"d03d541f-2c12-482c-b500-eda1da5dc490","ts":"2025-12-12T15:56:06.101-05:00","eventName":"n8n.node.started","message":"n8n.node.started","payload":{"workflowId":"3FV7bhmEnjYUnUWN","workflowName":"Weekly Weather Forecast Pipeline","executionId":"24","nodeType":"n8n-nodes-base.httpRequest","nodeName":"HTTP Request (FastAPI Predict)","nodeId":"e5d3c40c-d5de-4eb4-a1c1-dd7c9fd441de"}}
{"__type":"$$EventMessageConfirm","confirm":"d03d541f-2c12-482c-b500-eda1da5dc490","ts":"2025-12-12T15:56:06.101-05:00","source":{"id":"0","name":"eventBus"}}
{"__type":"$$EventMessageNode","id":"15c4f953-e54a-491b-bf0b-84429f03ebdc","ts":"2025-12-12T15:56:06.122-05:00","eventName":"n8n.node.finished","message":"n8n.node.finished","payload":{"workflowId":"3FV7bhmEnjYUnUWN","workflowName":"Weekly Weather Forecast Pipeline","executionId":"24","nodeType":"n8n-nodes-base.httpRequest","nodeName":"HTTP Request (FastAPI Predict)","nodeId":"e5d3c40c-d5de-4eb4-a1c1-dd7c9fd441de"}}
{"__type":"$$EventMessageConfirm","confirm":"15c4f953-e54a-491b-bf0b-84429f03ebdc","ts":"2025-12-12T15:56:06.122-05:00","source":{"id":"0","name":"eventBus"}}
{"__type":"$$EventMessageWorkflow","id":"a11f2a82-0368-4fde-a16d-58d37c7cc0f3","ts":"2025-12-12T15:56:06.125-05:00","eventName":"n8n.workflow.failed","message":"n8n.workflow.failed","payload":{"userId":"0c9a3827-5d7b-4f2b-9a5c-5480b8ddcc84","executionId":"24","success":false,"isManual":true,"workflowId":"3FV7bhmEnjYUnUWN","workflowName":"Weekly Weather Forecast Pipeline","lastNodeExecuted":"HTTP Request (FastAPI Predict)","errorNodeType":"n8n-nodes-base.httpRequest","errorMessage":"JSON parameter needs to be valid JSON"}}
{"__type":"$$EventMessageConfirm","confirm":"a11f2a82-0368-4fde-a16d-58d37c7cc0f3","ts":"2025-12-12T15:56:06.125-05:00","source":{"id":"0","name":"eventBus"}}
{"__type":"$$EventMessageWorkflow","id":"2932ab05-b92a-426b-93a0-a49db9ab27f9","ts":"2025-12-12T15:56:42.239-05:00","eventName":"n8n.workflow.started","message":"n8n.workflow.started","payload":{"executionId":"25","workflowId":"3FV7bhmEnjYUnUWN","isManual":false,"workflowName":"Weekly Weather Forecast Pipeline"}}
{"__type":"$$EventMessageConfirm","confirm":"2932ab05-b92a-426b-93a0-a49db9ab27f9","ts":"2025-12-12T15:56:42.239-05:00","source":{"id":"0","name":"eventBus"}}
{"__type":"$$EventMessageNode","id":"792d75f1-ca48-4aba-be33-b6fe34f91f85","ts":"2025-12-12T15:56:42.240-05:00","eventName":"n8n.node.started","message":"n8n.node.started","payload":{"workflowId":"3FV7bhmEnjYUnUWN","workflowName":"Weekly Weather Forecast Pipeline","executionId":"25","nodeType":"n8n-nodes-base.function","nodeName":"Generate Dates","nodeId":"119590d7-076c-4958-b0f2-86d9ab1dafbd"}}
{"__type":"$$EventMessageConfirm","confirm":"792d75f1-ca48-4aba-be33-b6fe34f91f85","ts":"2025-12-12T15:56:42.240-05:00","source":{"id":"0","name":"eventBus"}}
{"__type":"$$EventMessageNode","id":"93d9d74c-33bc-438d-ada1-db69d4effdce","ts":"2025-12-12T15:56:42.244-05:00","eventName":"n8n.node.finished","message":"n8n.node.finished","payload":{"workflowId":"3FV7bhmEnjYUnUWN","workflowName":"Weekly Weather Forecast Pipeline","executionId":"25","nodeType":"n8n-nodes-base.function","nodeName":"Generate Dates","nodeId":"119590d7-076c-4958-b0f2-86d9ab1dafbd"}}
{"__type":"$$EventMessageConfirm","confirm":"93d9d74c-33bc-438d-ada1-db69d4effdce","ts":"2025-12-12T15:56:42.244-05:00","source":{"id":"0","name":"eventBus"}}
{"__type":"$$EventMessageWorkflow","id":"4b3172cd-b803-4501-809b-4b26b5738330","ts":"2025-12-12T15:56:42.245-05:00","eventName":"n8n.workflow.success","message":"n8n.workflow.success","payload":{"userId":"0c9a3827-5d7b-4f2b-9a5c-5480b8ddcc84","executionId":"25","success":true,"isManual":true,"workflowId":"3FV7bhmEnjYUnUWN","workflowName":"Weekly Weather Forecast Pipeline"}}
{"__type":"$$EventMessageConfirm","confirm":"4b3172cd-b803-4501-809b-4b26b5738330","ts":"2025-12-12T15:56:42.245-05:00","source":{"id":"0","name":"eventBus"}}
{"__type":"$$EventMessageWorkflow","id":"d92d1598-1928-47d9-a255-394a7fa72a2b","ts":"2025-12-12T15:56:43.762-05:00","eventName":"n8n.workflow.started","message":"n8n.workflow.started","payload":{"executionId":"26","workflowId":"3FV7bhmEnjYUnUWN","isManual":false,"workflowName":"Weekly Weather Forecast Pipeline"}}
{"__type":"$$EventMessageConfirm","confirm":"d92d1598-1928-47d9-a255-394a7fa72a2b","ts":"2025-12-12T15:56:43.762-05:00","source":{"id":"0","name":"eventBus"}}
{"__type":"$$EventMessageNode","id":"3bad82f0-befb-4915-9024-8e2bd32f747c","ts":"2025-12-12T15:56:43.763-05:00","eventName":"n8n.node.started","message":"n8n.node.started","payload":{"workflowId":"3FV7bhmEnjYUnUWN","workflowName":"Weekly Weather Forecast Pipeline","executionId":"26","nodeType":"n8n-nodes-base.function","nodeName":"Generate Dates","nodeId":"119590d7-076c-4958-b0f2-86d9ab1dafbd"}}
{"__type":"$$EventMessageConfirm","confirm":"3bad82f0-befb-4915-9024-8e2bd32f747c","ts":"2025-12-12T15:56:43.763-05:00","source":{"id":"0","name":"eventBus"}}
{"__type":"$$EventMessageNode","id":"61687875-686c-4f3a-ba7f-5e749daf26bd","ts":"2025-12-12T15:56:43.766-05:00","eventName":"n8n.node.finished","message":"n8n.node.finished","payload":{"workflowId":"3FV7bhmEnjYUnUWN","workflowName":"Weekly Weather Forecast Pipeline","executionId":"26","nodeType":"n8n-nodes-base.function","nodeName":"Generate Dates","nodeId":"119590d7-076c-4958-b0f2-86d9ab1dafbd"}}
{"__type":"$$EventMessageConfirm","confirm":"61687875-686c-4f3a-ba7f-5e749daf26bd","ts":"2025-12-12T15:56:43.766-05:00","source":{"id":"0","name":"eventBus"}}
{"__type":"$$EventMessageWorkflow","id":"f60743b7-d72e-4159-a199-12bd649a8916","ts":"2025-12-12T15:56:43.768-05:00","eventName":"n8n.workflow.success","message":"n8n.workflow.success","payload":{"userId":"0c9a3827-5d7b-4f2b-9a5c-5480b8ddcc84","executionId":"26","success":true,"isManual":true,"workflowId":"3FV7bhmEnjYUnUWN","workflowName":"Weekly Weather Forecast Pipeline"}}
{"__type":"$$EventMessageConfirm","confirm":"f60743b7-d72e-4159-a199-12bd649a8916","ts":"2025-12-12T15:56:43.768-05:00","source":{"id":"0","name":"eventBus"}}
{"__type":"$$EventMessageWorkflow","id":"24755179-5835-4277-9553-2967d066e45c","ts":"2025-12-12T16:01:29.516-05:00","eventName":"n8n.workflow.started","message":"n8n.workflow.started","payload":{"executionId":"27","workflowId":"3FV7bhmEnjYUnUWN","isManual":false,"workflowName":"Weekly Weather Forecast Pipeline"}}
{"__type":"$$EventMessageConfirm","confirm":"24755179-5835-4277-9553-2967d066e45c","ts":"2025-12-12T16:01:29.516-05:00","source":{"id":"0","name":"eventBus"}}
{"__type":"$$EventMessageNode","id":"6b33d02b-659f-4800-a418-60d789363e66","ts":"2025-12-12T16:01:29.516-05:00","eventName":"n8n.node.started","message":"n8n.node.started","payload":{"workflowId":"3FV7bhmEnjYUnUWN","workflowName":"Weekly Weather Forecast Pipeline","executionId":"27","nodeType":"n8n-nodes-base.function","nodeName":"Generate Dates","nodeId":"119590d7-076c-4958-b0f2-86d9ab1dafbd"}}
{"__type":"$$EventMessageConfirm","confirm":"6b33d02b-659f-4800-a418-60d789363e66","ts":"2025-12-12T16:01:29.516-05:00","source":{"id":"0","name":"eventBus"}}
{"__type":"$$EventMessageNode","id":"ae9bfbdb-0ffa-4260-9cc2-d403adf5e999","ts":"2025-12-12T16:01:29.528-05:00","eventName":"n8n.node.finished","message":"n8n.node.finished","payload":{"workflowId":"3FV7bhmEnjYUnUWN","workflowName":"Weekly Weather Forecast Pipeline","executionId":"27","nodeType":"n8n-nodes-base.function","nodeName":"Generate Dates","nodeId":"119590d7-076c-4958-b0f2-86d9ab1dafbd"}}
{"__type":"$$EventMessageConfirm","confirm":"ae9bfbdb-0ffa-4260-9cc2-d403adf5e999","ts":"2025-12-12T16:01:29.529-05:00","source":{"id":"0","name":"eventBus"}}
{"__type":"$$EventMessageWorkflow","id":"1d4e6228-b326-4707-87fa-4e92a0806725","ts":"2025-12-12T16:01:29.530-05:00","eventName":"n8n.workflow.failed","message":"n8n.workflow.failed","payload":{"userId":"0c9a3827-5d7b-4f2b-9a5c-5480b8ddcc84","executionId":"27","success":false,"isManual":true,"workflowId":"3FV7bhmEnjYUnUWN","workflowName":"Weekly Weather Forecast Pipeline","lastNodeExecuted":"Generate Dates","errorMessage":"Cannot read properties of undefined (reading 'every') [Line 170]"}}
{"__type":"$$EventMessageConfirm","confirm":"1d4e6228-b326-4707-87fa-4e92a0806725","ts":"2025-12-12T16:01:29.531-05:00","source":{"id":"0","name":"eventBus"}}
{"__type":"$$EventMessageWorkflow","id":"2c2afde9-fd64-415f-9427-ffa659f98dd4","ts":"2025-12-12T16:03:43.054-05:00","eventName":"n8n.workflow.started","message":"n8n.workflow.started","payload":{"executionId":"28","workflowId":"3FV7bhmEnjYUnUWN","isManual":false,"workflowName":"Weekly Weather Forecast Pipeline"}}
{"__type":"$$EventMessageConfirm","confirm":"2c2afde9-fd64-415f-9427-ffa659f98dd4","ts":"2025-12-12T16:03:43.054-05:00","source":{"id":"0","name":"eventBus"}}
{"__type":"$$EventMessageNode","id":"87e722b3-e8b0-4029-bcc2-d274eeafa64c","ts":"2025-12-12T16:03:43.055-05:00","eventName":"n8n.node.started","message":"n8n.node.started","payload":{"workflowId":"3FV7bhmEnjYUnUWN","workflowName":"Weekly Weather Forecast Pipeline","executionId":"28","nodeType":"n8n-nodes-base.cron","nodeName":"Cron Trigger","nodeId":"31eacae3-ec9c-4945-a43b-c4198640270a"}}
{"__type":"$$EventMessageConfirm","confirm":"87e722b3-e8b0-4029-bcc2-d274eeafa64c","ts":"2025-12-12T16:03:43.055-05:00","source":{"id":"0","name":"eventBus"}}
{"__type":"$$EventMessageNode","id":"c63f4ac5-fcbe-45c8-8b31-96363345b179","ts":"2025-12-12T16:03:43.055-05:00","eventName":"n8n.node.finished","message":"n8n.node.finished","payload":{"workflowId":"3FV7bhmEnjYUnUWN","workflowName":"Weekly Weather Forecast Pipeline","executionId":"28","nodeType":"n8n-nodes-base.cron","nodeName":"Cron Trigger","nodeId":"31eacae3-ec9c-4945-a43b-c4198640270a"}}
{"__type":"$$EventMessageConfirm","confirm":"c63f4ac5-fcbe-45c8-8b31-96363345b179","ts":"2025-12-12T16:03:43.055-05:00","source":{"id":"0","name":"eventBus"}}
{"__type":"$$EventMessageNode","id":"e77cec75-7475-4ecf-97e4-86ac504041f4","ts":"2025-12-12T16:03:43.056-05:00","eventName":"n8n.node.started","message":"n8n.node.started","payload":{"workflowId":"3FV7bhmEnjYUnUWN","workflowName":"Weekly Weather Forecast Pipeline","executionId":"28","nodeType":"n8n-nodes-base.function","nodeName":"Generate Dates","nodeId":"119590d7-076c-4958-b0f2-86d9ab1dafbd"}}
{"__type":"$$EventMessageConfirm","confirm":"e77cec75-7475-4ecf-97e4-86ac504041f4","ts":"2025-12-12T16:03:43.056-05:00","source":{"id":"0","name":"eventBus"}}
{"__type":"$$EventMessageNode","id":"ce648212-7014-473c-adbc-ec6a726f8c73","ts":"2025-12-12T16:03:43.060-05:00","eventName":"n8n.node.finished","message":"n8n.node.finished","payload":{"workflowId":"3FV7bhmEnjYUnUWN","workflowName":"Weekly Weather Forecast Pipeline","executionId":"28","nodeType":"n8n-nodes-base.function","nodeName":"Generate Dates","nodeId":"119590d7-076c-4958-b0f2-86d9ab1dafbd"}}
{"__type":"$$EventMessageConfirm","confirm":"ce648212-7014-473c-adbc-ec6a726f8c73","ts":"2025-12-12T16:03:43.060-05:00","source":{"id":"0","name":"eventBus"}}
{"__type":"$$EventMessageWorkflow","id":"36eb2e35-5c76-4804-ab0e-b42ed3b3f632","ts":"2025-12-12T16:03:43.062-05:00","eventName":"n8n.workflow.success","message":"n8n.workflow.success","payload":{"userId":"0c9a3827-5d7b-4f2b-9a5c-5480b8ddcc84","executionId":"28","success":true,"isManual":true,"workflowId":"3FV7bhmEnjYUnUWN","workflowName":"Weekly Weather Forecast Pipeline"}}
{"__type":"$$EventMessageConfirm","confirm":"36eb2e35-5c76-4804-ab0e-b42ed3b3f632","ts":"2025-12-12T16:03:43.062-05:00","source":{"id":"0","name":"eventBus"}}
{"__type":"$$EventMessageWorkflow","id":"a17de67f-9ef9-497d-bfab-050821d45ef5","ts":"2025-12-12T16:03:47.930-05:00","eventName":"n8n.workflow.started","message":"n8n.workflow.started","payload":{"executionId":"29","workflowId":"3FV7bhmEnjYUnUWN","isManual":false,"workflowName":"Weekly Weather Forecast Pipeline"}}
{"__type":"$$EventMessageConfirm","confirm":"a17de67f-9ef9-497d-bfab-050821d45ef5","ts":"2025-12-12T16:03:47.930-05:00","source":{"id":"0","name":"eventBus"}}
{"__type":"$$EventMessageNode","id":"9e3c627e-b9cd-4592-9e29-9fad934803ab","ts":"2025-12-12T16:03:47.930-05:00","eventName":"n8n.node.started","message":"n8n.node.started","payload":{"workflowId":"3FV7bhmEnjYUnUWN","workflowName":"Weekly Weather Forecast Pipeline","executionId":"29","nodeType":"n8n-nodes-base.httpRequest","nodeName":"HTTP Request (FastAPI Predict)","nodeId":"e5d3c40c-d5de-4eb4-a1c1-dd7c9fd441de"}}
{"__type":"$$EventMessageConfirm","confirm":"9e3c627e-b9cd-4592-9e29-9fad934803ab","ts":"2025-12-12T16:03:47.930-05:00","source":{"id":"0","name":"eventBus"}}
{"__type":"$$EventMessageNode","id":"ef10f272-b2d9-48b7-8de4-79a2018ec3f8","ts":"2025-12-12T16:03:47.933-05:00","eventName":"n8n.node.finished","message":"n8n.node.finished","payload":{"workflowId":"3FV7bhmEnjYUnUWN","workflowName":"Weekly Weather Forecast Pipeline","executionId":"29","nodeType":"n8n-nodes-base.httpRequest","nodeName":"HTTP Request (FastAPI Predict)","nodeId":"e5d3c40c-d5de-4eb4-a1c1-dd7c9fd441de"}}
{"__type":"$$EventMessageConfirm","confirm":"ef10f272-b2d9-48b7-8de4-79a2018ec3f8","ts":"2025-12-12T16:03:47.933-05:00","source":{"id":"0","name":"eventBus"}}
{"__type":"$$EventMessageWorkflow","id":"ff46a53b-3619-4ac0-a558-10b1b15e3fe8","ts":"2025-12-12T16:03:47.936-05:00","eventName":"n8n.workflow.failed","message":"n8n.workflow.failed","payload":{"userId":"0c9a3827-5d7b-4f2b-9a5c-5480b8ddcc84","executionId":"29","success":false,"isManual":true,"workflowId":"3FV7bhmEnjYUnUWN","workflowName":"Weekly Weather Forecast Pipeline","lastNodeExecuted":"HTTP Request (FastAPI Predict)","errorNodeType":"n8n-nodes-base.httpRequest","errorMessage":"JSON parameter needs to be valid JSON"}}
{"__type":"$$EventMessageConfirm","confirm":"ff46a53b-3619-4ac0-a558-10b1b15e3fe8","ts":"2025-12-12T16:03:47.936-05:00","source":{"id":"0","name":"eventBus"}}
{"__type":"$$EventMessageWorkflow","id":"b9d507e3-a0b5-43d0-a5a4-cd598038e3a2","ts":"2025-12-12T16:05:59.026-05:00","eventName":"n8n.workflow.started","message":"n8n.workflow.started","payload":{"executionId":"30","workflowId":"3FV7bhmEnjYUnUWN","isManual":false,"workflowName":"Weekly Weather Forecast Pipeline"}}
{"__type":"$$EventMessageConfirm","confirm":"b9d507e3-a0b5-43d0-a5a4-cd598038e3a2","ts":"2025-12-12T16:05:59.027-05:00","source":{"id":"0","name":"eventBus"}}
{"__type":"$$EventMessageNode","id":"594fc991-d5fd-4048-adcf-81ebcd88aa19","ts":"2025-12-12T16:05:59.027-05:00","eventName":"n8n.node.started","message":"n8n.node.started","payload":{"workflowId":"3FV7bhmEnjYUnUWN","workflowName":"Weekly Weather Forecast Pipeline","executionId":"30","nodeType":"n8n-nodes-base.httpRequest","nodeName":"HTTP Request (FastAPI Predict)","nodeId":"e5d3c40c-d5de-4eb4-a1c1-dd7c9fd441de"}}
{"__type":"$$EventMessageConfirm","confirm":"594fc991-d5fd-4048-adcf-81ebcd88aa19","ts":"2025-12-12T16:05:59.027-05:00","source":{"id":"0","name":"eventBus"}}
{"__type":"$$EventMessageNode","id":"abf5f0a5-ffd3-4755-a818-8ce84bf727c5","ts":"2025-12-12T16:05:59.035-05:00","eventName":"n8n.node.finished","message":"n8n.node.finished","payload":{"workflowId":"3FV7bhmEnjYUnUWN","workflowName":"Weekly Weather Forecast Pipeline","executionId":"30","nodeType":"n8n-nodes-base.httpRequest","nodeName":"HTTP Request (FastAPI Predict)","nodeId":"e5d3c40c-d5de-4eb4-a1c1-dd7c9fd441de"}}
{"__type":"$$EventMessageConfirm","confirm":"abf5f0a5-ffd3-4755-a818-8ce84bf727c5","ts":"2025-12-12T16:05:59.035-05:00","source":{"id":"0","name":"eventBus"}}
{"__type":"$$EventMessageWorkflow","id":"83d2eccf-7450-401a-ae18-5ed382f64007","ts":"2025-12-12T16:05:59.037-05:00","eventName":"n8n.workflow.failed","message":"n8n.workflow.failed","payload":{"userId":"0c9a3827-5d7b-4f2b-9a5c-5480b8ddcc84","executionId":"30","success":false,"isManual":true,"workflowId":"3FV7bhmEnjYUnUWN","workflowName":"Weekly Weather Forecast Pipeline","lastNodeExecuted":"HTTP Request (FastAPI Predict)","errorNodeType":"n8n-nodes-base.httpRequest","errorMessage":"Your request is invalid or could not be processed by the service"}}
{"__type":"$$EventMessageConfirm","confirm":"83d2eccf-7450-401a-ae18-5ed382f64007","ts":"2025-12-12T16:05:59.037-05:00","source":{"id":"0","name":"eventBus"}}
{"__type":"$$EventMessageWorkflow","id":"09f4dff1-1126-452a-abe8-60dd828b3bf7","ts":"2025-12-12T16:07:02.826-05:00","eventName":"n8n.workflow.started","message":"n8n.workflow.started","payload":{"executionId":"31","workflowId":"3FV7bhmEnjYUnUWN","isManual":false,"workflowName":"Weekly Weather Forecast Pipeline"}}
{"__type":"$$EventMessageConfirm","confirm":"09f4dff1-1126-452a-abe8-60dd828b3bf7","ts":"2025-12-12T16:07:02.826-05:00","source":{"id":"0","name":"eventBus"}}
{"__type":"$$EventMessageNode","id":"b3783e59-e39a-49b3-882d-da71899f43ac","ts":"2025-12-12T16:07:02.826-05:00","eventName":"n8n.node.started","message":"n8n.node.started","payload":{"workflowId":"3FV7bhmEnjYUnUWN","workflowName":"Weekly Weather Forecast Pipeline","executionId":"31","nodeType":"n8n-nodes-base.httpRequest","nodeName":"HTTP Request (FastAPI Predict)","nodeId":"e5d3c40c-d5de-4eb4-a1c1-dd7c9fd441de"}}
{"__type":"$$EventMessageConfirm","confirm":"b3783e59-e39a-49b3-882d-da71899f43ac","ts":"2025-12-12T16:07:02.826-05:00","source":{"id":"0","name":"eventBus"}}
{"__type":"$$EventMessageNode","id":"eb97a880-cd48-4f0a-9dcd-9820e2f063f2","ts":"2025-12-12T16:07:02.839-05:00","eventName":"n8n.node.finished","message":"n8n.node.finished","payload":{"workflowId":"3FV7bhmEnjYUnUWN","workflowName":"Weekly Weather Forecast Pipeline","executionId":"31","nodeType":"n8n-nodes-base.httpRequest","nodeName":"HTTP Request (FastAPI Predict)","nodeId":"e5d3c40c-d5de-4eb4-a1c1-dd7c9fd441de"}}
{"__type":"$$EventMessageConfirm","confirm":"eb97a880-cd48-4f0a-9dcd-9820e2f063f2","ts":"2025-12-12T16:07:02.839-05:00","source":{"id":"0","name":"eventBus"}}
{"__type":"$$EventMessageWorkflow","id":"1cdfde34-cd5c-4547-9b43-9baf0dfcc055","ts":"2025-12-12T16:07:02.840-05:00","eventName":"n8n.workflow.failed","message":"n8n.workflow.failed","payload":{"userId":"0c9a3827-5d7b-4f2b-9a5c-5480b8ddcc84","executionId":"31","success":false,"isManual":true,"workflowId":"3FV7bhmEnjYUnUWN","workflowName":"Weekly Weather Forecast Pipeline","lastNodeExecuted":"HTTP Request (FastAPI Predict)","errorNodeType":"n8n-nodes-base.httpRequest","errorMessage":"The service was not able to process your request"}}
{"__type":"$$EventMessageConfirm","confirm":"1cdfde34-cd5c-4547-9b43-9baf0dfcc055","ts":"2025-12-12T16:07:02.840-05:00","source":{"id":"0","name":"eventBus"}}
{"__type":"$$EventMessageWorkflow","id":"15cc1037-e575-43e6-8a7f-ef39840c59c0","ts":"2025-12-12T16:10:08.100-05:00","eventName":"n8n.workflow.started","message":"n8n.workflow.started","payload":{"executionId":"32","workflowId":"3FV7bhmEnjYUnUWN","isManual":false,"workflowName":"Weekly Weather Forecast Pipeline"}}
{"__type":"$$EventMessageConfirm","confirm":"15cc1037-e575-43e6-8a7f-ef39840c59c0","ts":"2025-12-12T16:10:08.101-05:00","source":{"id":"0","name":"eventBus"}}
{"__type":"$$EventMessageNode","id":"95731194-b1ce-47b2-ad44-9250b59dd79b","ts":"2025-12-12T16:10:08.102-05:00","eventName":"n8n.node.started","message":"n8n.node.started","payload":{"workflowId":"3FV7bhmEnjYUnUWN","workflowName":"Weekly Weather Forecast Pipeline","executionId":"32","nodeType":"n8n-nodes-base.httpRequest","nodeName":"HTTP Request (FastAPI Predict)","nodeId":"e5d3c40c-d5de-4eb4-a1c1-dd7c9fd441de"}}
{"__type":"$$EventMessageConfirm","confirm":"95731194-b1ce-47b2-ad44-9250b59dd79b","ts":"2025-12-12T16:10:08.102-05:00","source":{"id":"0","name":"eventBus"}}
{"__type":"$$EventMessageNode","id":"f8e67a87-e779-4e95-8bb2-c8cb221b1b31","ts":"2025-12-12T16:10:08.140-05:00","eventName":"n8n.node.finished","message":"n8n.node.finished","payload":{"workflowId":"3FV7bhmEnjYUnUWN","workflowName":"Weekly Weather Forecast Pipeline","executionId":"32","nodeType":"n8n-nodes-base.httpRequest","nodeName":"HTTP Request (FastAPI Predict)","nodeId":"e5d3c40c-d5de-4eb4-a1c1-dd7c9fd441de"}}
{"__type":"$$EventMessageConfirm","confirm":"f8e67a87-e779-4e95-8bb2-c8cb221b1b31","ts":"2025-12-12T16:10:08.140-05:00","source":{"id":"0","name":"eventBus"}}
{"__type":"$$EventMessageWorkflow","id":"4fb93ae5-9840-4d46-94c2-efe87bd288a4","ts":"2025-12-12T16:10:08.143-05:00","eventName":"n8n.workflow.success","message":"n8n.workflow.success","payload":{"userId":"0c9a3827-5d7b-4f2b-9a5c-5480b8ddcc84","executionId":"32","success":true,"isManual":true,"workflowId":"3FV7bhmEnjYUnUWN","workflowName":"Weekly Weather Forecast Pipeline"}}
{"__type":"$$EventMessageConfirm","confirm":"4fb93ae5-9840-4d46-94c2-efe87bd288a4","ts":"2025-12-12T16:10:08.143-05:00","source":{"id":"0","name":"eventBus"}}
{"__type":"$$EventMessageWorkflow","id":"60094bb5-da78-4663-8bcf-8bc6f1deea88","ts":"2025-12-12T16:10:18.188-05:00","eventName":"n8n.workflow.started","message":"n8n.workflow.started","payload":{"executionId":"33","workflowId":"3FV7bhmEnjYUnUWN","isManual":false,"workflowName":"Weekly Weather Forecast Pipeline"}}
{"__type":"$$EventMessageConfirm","confirm":"60094bb5-da78-4663-8bcf-8bc6f1deea88","ts":"2025-12-12T16:10:18.189-05:00","source":{"id":"0","name":"eventBus"}}
{"__type":"$$EventMessageNode","id":"03ff2741-7f9c-4585-89e3-a6f98b64c0ce","ts":"2025-12-12T16:10:18.189-05:00","eventName":"n8n.node.started","message":"n8n.node.started","payload":{"workflowId":"3FV7bhmEnjYUnUWN","workflowName":"Weekly Weather Forecast Pipeline","executionId":"33","nodeType":"n8n-nodes-base.itemLists","nodeName":"Format Response","nodeId":"3de32daf-8489-48d9-a601-aa8c74f767cd"}}
{"__type":"$$EventMessageConfirm","confirm":"03ff2741-7f9c-4585-89e3-a6f98b64c0ce","ts":"2025-12-12T16:10:18.189-05:00","source":{"id":"0","name":"eventBus"}}
{"__type":"$$EventMessageNode","id":"f83ba7a2-743e-4a40-b75f-d4e77be5ddd4","ts":"2025-12-12T16:10:18.207-05:00","eventName":"n8n.node.finished","message":"n8n.node.finished","payload":{"workflowId":"3FV7bhmEnjYUnUWN","workflowName":"Weekly Weather Forecast Pipeline","executionId":"33","nodeType":"n8n-nodes-base.itemLists","nodeName":"Format Response","nodeId":"3de32daf-8489-48d9-a601-aa8c74f767cd"}}
{"__type":"$$EventMessageConfirm","confirm":"f83ba7a2-743e-4a40-b75f-d4e77be5ddd4","ts":"2025-12-12T16:10:18.207-05:00","source":{"id":"0","name":"eventBus"}}
{"__type":"$$EventMessageWorkflow","id":"a655cd31-3366-4b2d-bc3e-c064e16fc5fe","ts":"2025-12-12T16:10:18.212-05:00","eventName":"n8n.workflow.failed","message":"n8n.workflow.failed","payload":{"userId":"0c9a3827-5d7b-4f2b-9a5c-5480b8ddcc84","executionId":"33","success":false,"isManual":true,"workflowId":"3FV7bhmEnjYUnUWN","workflowName":"Weekly Weather Forecast Pipeline","lastNodeExecuted":"Format Response","errorNodeType":"n8n-nodes-base.itemLists","errorMessage":"Operation 'modify' is not recognized"}}
{"__type":"$$EventMessageConfirm","confirm":"a655cd31-3366-4b2d-bc3e-c064e16fc5fe","ts":"2025-12-12T16:10:18.212-05:00","source":{"id":"0","name":"eventBus"}}
{"__type":"$$EventMessageWorkflow","id":"7073baf7-b9ec-4ec3-bd9e-f8c76c1eecb4","ts":"2025-12-12T16:22:25.650-05:00","eventName":"n8n.workflow.started","message":"n8n.workflow.started","payload":{"executionId":"34","workflowId":"3FV7bhmEnjYUnUWN","isManual":false,"workflowName":"Weekly Weather Forecast Pipeline"}}
{"__type":"$$EventMessageConfirm","confirm":"7073baf7-b9ec-4ec3-bd9e-f8c76c1eecb4","ts":"2025-12-12T16:22:25.650-05:00","source":{"id":"0","name":"eventBus"}}
{"__type":"$$EventMessageNode","id":"bed6197e-e3b4-4294-a344-7e22f9e7a820","ts":"2025-12-12T16:22:25.650-05:00","eventName":"n8n.node.started","message":"n8n.node.started","payload":{"workflowId":"3FV7bhmEnjYUnUWN","workflowName":"Weekly Weather Forecast Pipeline","executionId":"34","nodeType":"n8n-nodes-base.httpRequest","nodeName":"HTTP Request (FastAPI Predict)","nodeId":"e5d3c40c-d5de-4eb4-a1c1-dd7c9fd441de"}}
{"__type":"$$EventMessageConfirm","confirm":"bed6197e-e3b4-4294-a344-7e22f9e7a820","ts":"2025-12-12T16:22:25.650-05:00","source":{"id":"0","name":"eventBus"}}
{"__type":"$$EventMessageNode","id":"95e17e8a-9e4f-4ccd-8484-0de415786748","ts":"2025-12-12T16:22:29.634-05:00","eventName":"n8n.node.finished","message":"n8n.node.finished","payload":{"workflowId":"3FV7bhmEnjYUnUWN","workflowName":"Weekly Weather Forecast Pipeline","executionId":"34","nodeType":"n8n-nodes-base.httpRequest","nodeName":"HTTP Request (FastAPI Predict)","nodeId":"e5d3c40c-d5de-4eb4-a1c1-dd7c9fd441de"}}
{"__type":"$$EventMessageConfirm","confirm":"95e17e8a-9e4f-4ccd-8484-0de415786748","ts":"2025-12-12T16:22:29.634-05:00","source":{"id":"0","name":"eventBus"}}
{"__type":"$$EventMessageWorkflow","id":"5092248d-fe21-4feb-899a-7c25a8f819c2","ts":"2025-12-12T16:22:29.636-05:00","eventName":"n8n.workflow.failed","message":"n8n.workflow.failed","payload":{"userId":"0c9a3827-5d7b-4f2b-9a5c-5480b8ddcc84","executionId":"34","success":false,"isManual":true,"workflowId":"3FV7bhmEnjYUnUWN","workflowName":"Weekly Weather Forecast Pipeline","lastNodeExecuted":"HTTP Request (FastAPI Predict)","errorNodeType":"n8n-nodes-base.httpRequest","errorMessage":"The connection cannot be established, this usually occurs due to an incorrect host (domain) value"}}
{"__type":"$$EventMessageConfirm","confirm":"5092248d-fe21-4feb-899a-7c25a8f819c2","ts":"2025-12-12T16:22:29.636-05:00","source":{"id":"0","name":"eventBus"}}
{"__type":"$$EventMessageWorkflow","id":"17bcc978-6517-47b8-b5de-81a7261c15f4","ts":"2025-12-12T16:31:13.188-05:00","eventName":"n8n.workflow.started","message":"n8n.workflow.started","payload":{"executionId":"35","workflowId":"3FV7bhmEnjYUnUWN","isManual":false,"workflowName":"Weekly Weather Forecast Pipeline"}}
{"__type":"$$EventMessageConfirm","confirm":"17bcc978-6517-47b8-b5de-81a7261c15f4","ts":"2025-12-12T16:31:13.188-05:00","source":{"id":"0","name":"eventBus"}}
{"__type":"$$EventMessageNode","id":"da5b3664-9de4-438c-af9f-1690402756e3","ts":"2025-12-12T16:31:13.189-05:00","eventName":"n8n.node.started","message":"n8n.node.started","payload":{"workflowId":"3FV7bhmEnjYUnUWN","workflowName":"Weekly Weather Forecast Pipeline","executionId":"35","nodeType":"n8n-nodes-base.httpRequest","nodeName":"HTTP Request (FastAPI Predict)","nodeId":"e5d3c40c-d5de-4eb4-a1c1-dd7c9fd441de"}}
{"__type":"$$EventMessageConfirm","confirm":"da5b3664-9de4-438c-af9f-1690402756e3","ts":"2025-12-12T16:31:13.189-05:00","source":{"id":"0","name":"eventBus"}}
{"__type":"$$EventMessageNode","id":"675e8d16-8407-4dfe-8a14-80b6e9f17670","ts":"2025-12-12T16:31:13.209-05:00","eventName":"n8n.node.finished","message":"n8n.node.finished","payload":{"workflowId":"3FV7bhmEnjYUnUWN","workflowName":"Weekly Weather Forecast Pipeline","executionId":"35","nodeType":"n8n-nodes-base.httpRequest","nodeName":"HTTP Request (FastAPI Predict)","nodeId":"e5d3c40c-d5de-4eb4-a1c1-dd7c9fd441de"}}
{"__type":"$$EventMessageConfirm","confirm":"675e8d16-8407-4dfe-8a14-80b6e9f17670","ts":"2025-12-12T16:31:13.209-05:00","source":{"id":"0","name":"eventBus"}}
{"__type":"$$EventMessageWorkflow","id":"f36dc47e-01e6-4112-a891-ec868cfe7790","ts":"2025-12-12T16:31:13.211-05:00","eventName":"n8n.workflow.success","message":"n8n.workflow.success","payload":{"userId":"0c9a3827-5d7b-4f2b-9a5c-5480b8ddcc84","executionId":"35","success":true,"isManual":true,"workflowId":"3FV7bhmEnjYUnUWN","workflowName":"Weekly Weather Forecast Pipeline"}}
{"__type":"$$EventMessageConfirm","confirm":"f36dc47e-01e6-4112-a891-ec868cfe7790","ts":"2025-12-12T16:31:13.211-05:00","source":{"id":"0","name":"eventBus"}}
{"__type":"$$EventMessageWorkflow","id":"3cbb2f2b-094f-4890-917c-a3447ec457b3","ts":"2025-12-12T16:34:54.876-05:00","eventName":"n8n.workflow.started","message":"n8n.workflow.started","payload":{"executionId":"36","workflowId":"3FV7bhmEnjYUnUWN","isManual":false,"workflowName":"Weekly Weather Forecast Pipeline"}}
{"__type":"$$EventMessageConfirm","confirm":"3cbb2f2b-094f-4890-917c-a3447ec457b3","ts":"2025-12-12T16:34:54.876-05:00","source":{"id":"0","name":"eventBus"}}
{"__type":"$$EventMessageNode","id":"5333aa43-5655-4ee4-89a6-e00c885cf611","ts":"2025-12-12T16:34:54.877-05:00","eventName":"n8n.node.started","message":"n8n.node.started","payload":{"workflowId":"3FV7bhmEnjYUnUWN","workflowName":"Weekly Weather Forecast Pipeline","executionId":"36","nodeType":"n8n-nodes-base.httpRequest","nodeName":"HTTP Request (FastAPI Predict)","nodeId":"e5d3c40c-d5de-4eb4-a1c1-dd7c9fd441de"}}
{"__type":"$$EventMessageConfirm","confirm":"5333aa43-5655-4ee4-89a6-e00c885cf611","ts":"2025-12-12T16:34:54.877-05:00","source":{"id":"0","name":"eventBus"}}
{"__type":"$$EventMessageNode","id":"cba524e0-547c-4570-bc2c-6ef92b319b87","ts":"2025-12-12T16:34:54.891-05:00","eventName":"n8n.node.finished","message":"n8n.node.finished","payload":{"workflowId":"3FV7bhmEnjYUnUWN","workflowName":"Weekly Weather Forecast Pipeline","executionId":"36","nodeType":"n8n-nodes-base.httpRequest","nodeName":"HTTP Request (FastAPI Predict)","nodeId":"e5d3c40c-d5de-4eb4-a1c1-dd7c9fd441de"}}
{"__type":"$$EventMessageConfirm","confirm":"cba524e0-547c-4570-bc2c-6ef92b319b87","ts":"2025-12-12T16:34:54.891-05:00","source":{"id":"0","name":"eventBus"}}
{"__type":"$$EventMessageWorkflow","id":"9267ded9-3476-4a17-b864-0f425a03942a","ts":"2025-12-12T16:34:54.893-05:00","eventName":"n8n.workflow.success","message":"n8n.workflow.success","payload":{"userId":"0c9a3827-5d7b-4f2b-9a5c-5480b8ddcc84","executionId":"36","success":true,"isManual":true,"workflowId":"3FV7bhmEnjYUnUWN","workflowName":"Weekly Weather Forecast Pipeline"}}
{"__type":"$$EventMessageConfirm","confirm":"9267ded9-3476-4a17-b864-0f425a03942a","ts":"2025-12-12T16:34:54.893-05:00","source":{"id":"0","name":"eventBus"}}
{"__type":"$$EventMessageWorkflow","id":"d70ae97c-2bab-4bef-ab78-33d8e2e093c9","ts":"2025-12-12T16:34:59.567-05:00","eventName":"n8n.workflow.started","message":"n8n.workflow.started","payload":{"executionId":"37","workflowId":"3FV7bhmEnjYUnUWN","isManual":false,"workflowName":"Weekly Weather Forecast Pipeline"}}
{"__type":"$$EventMessageConfirm","confirm":"d70ae97c-2bab-4bef-ab78-33d8e2e093c9","ts":"2025-12-12T16:34:59.567-05:00","source":{"id":"0","name":"eventBus"}}
{"__type":"$$EventMessageNode","id":"44c395b1-20a9-40b9-949f-407658bd43de","ts":"2025-12-12T16:34:59.567-05:00","eventName":"n8n.node.started","message":"n8n.node.started","payload":{"workflowId":"3FV7bhmEnjYUnUWN","workflowName":"Weekly Weather Forecast Pipeline","executionId":"37","nodeType":"n8n-nodes-base.httpRequest","nodeName":"HTTP Request (FastAPI Predict)","nodeId":"e5d3c40c-d5de-4eb4-a1c1-dd7c9fd441de"}}
{"__type":"$$EventMessageConfirm","confirm":"44c395b1-20a9-40b9-949f-407658bd43de","ts":"2025-12-12T16:34:59.567-05:00","source":{"id":"0","name":"eventBus"}}
{"__type":"$$EventMessageNode","id":"1029c005-5cd1-4a02-a13f-900c9e5319b8","ts":"2025-12-12T16:34:59.582-05:00","eventName":"n8n.node.finished","message":"n8n.node.finished","payload":{"workflowId":"3FV7bhmEnjYUnUWN","workflowName":"Weekly Weather Forecast Pipeline","executionId":"37","nodeType":"n8n-nodes-base.httpRequest","nodeName":"HTTP Request (FastAPI Predict)","nodeId":"e5d3c40c-d5de-4eb4-a1c1-dd7c9fd441de"}}
{"__type":"$$EventMessageConfirm","confirm":"1029c005-5cd1-4a02-a13f-900c9e5319b8","ts":"2025-12-12T16:34:59.582-05:00","source":{"id":"0","name":"eventBus"}}
{"__type":"$$EventMessageWorkflow","id":"f008c87a-d3eb-46d6-a77e-fc3b805378c3","ts":"2025-12-12T16:34:59.584-05:00","eventName":"n8n.workflow.success","message":"n8n.workflow.success","payload":{"userId":"0c9a3827-5d7b-4f2b-9a5c-5480b8ddcc84","executionId":"37","success":true,"isManual":true,"workflowId":"3FV7bhmEnjYUnUWN","workflowName":"Weekly Weather Forecast Pipeline"}}
{"__type":"$$EventMessageConfirm","confirm":"f008c87a-d3eb-46d6-a77e-fc3b805378c3","ts":"2025-12-12T16:34:59.584-05:00","source":{"id":"0","name":"eventBus"}}
{"__type":"$$EventMessageWorkflow","id":"06f5156b-c796-49f6-ad79-095afef4f84d","ts":"2025-12-12T16:47:30.328-05:00","eventName":"n8n.workflow.started","message":"n8n.workflow.started","payload":{"executionId":"38","workflowId":"3FV7bhmEnjYUnUWN","isManual":false,"workflowName":"Weekly Weather Forecast Pipeline"}}
{"__type":"$$EventMessageConfirm","confirm":"06f5156b-c796-49f6-ad79-095afef4f84d","ts":"2025-12-12T16:47:30.328-05:00","source":{"id":"0","name":"eventBus"}}
{"__type":"$$EventMessageNode","id":"3792c6da-3c16-4619-9321-23af60e81c53","ts":"2025-12-12T16:47:30.329-05:00","eventName":"n8n.node.started","message":"n8n.node.started","payload":{"workflowId":"3FV7bhmEnjYUnUWN","workflowName":"Weekly Weather Forecast Pipeline","executionId":"38","nodeType":"n8n-nodes-base.httpRequest","nodeName":"HTTP Request (FastAPI Predict)","nodeId":"e5d3c40c-d5de-4eb4-a1c1-dd7c9fd441de"}}
{"__type":"$$EventMessageConfirm","confirm":"3792c6da-3c16-4619-9321-23af60e81c53","ts":"2025-12-12T16:47:30.329-05:00","source":{"id":"0","name":"eventBus"}}
{"__type":"$$EventMessageNode","id":"41d1cb8e-3123-43f1-b68d-1f5cce059fbb","ts":"2025-12-12T16:47:30.345-05:00","eventName":"n8n.node.finished","message":"n8n.node.finished","payload":{"workflowId":"3FV7bhmEnjYUnUWN","workflowName":"Weekly Weather Forecast Pipeline","executionId":"38","nodeType":"n8n-nodes-base.httpRequest","nodeName":"HTTP Request (FastAPI Predict)","nodeId":"e5d3c40c-d5de-4eb4-a1c1-dd7c9fd441de"}}
{"__type":"$$EventMessageConfirm","confirm":"41d1cb8e-3123-43f1-b68d-1f5cce059fbb","ts":"2025-12-12T16:47:30.345-05:00","source":{"id":"0","name":"eventBus"}}
{"__type":"$$EventMessageWorkflow","id":"a4fba7d3-fb97-4cac-8891-f8424df9ac54","ts":"2025-12-12T16:47:30.347-05:00","eventName":"n8n.workflow.success","message":"n8n.workflow.success","payload":{"userId":"0c9a3827-5d7b-4f2b-9a5c-5480b8ddcc84","executionId":"38","success":true,"isManual":true,"workflowId":"3FV7bhmEnjYUnUWN","workflowName":"Weekly Weather Forecast Pipeline"}}
{"__type":"$$EventMessageConfirm","confirm":"a4fba7d3-fb97-4cac-8891-f8424df9ac54","ts":"2025-12-12T16:47:30.347-05:00","source":{"id":"0","name":"eventBus"}}
{"__type":"$$EventMessageWorkflow","id":"d6ad4543-32a0-42bf-b647-e314185228db","ts":"2025-12-12T16:51:45.873-05:00","eventName":"n8n.workflow.started","message":"n8n.workflow.started","payload":{"executionId":"39","workflowId":"3FV7bhmEnjYUnUWN","isManual":false,"workflowName":"Weekly Weather Forecast Pipeline"}}
{"__type":"$$EventMessageConfirm","confirm":"d6ad4543-32a0-42bf-b647-e314185228db","ts":"2025-12-12T16:51:45.873-05:00","source":{"id":"0","name":"eventBus"}}
{"__type":"$$EventMessageNode","id":"71987019-2d48-46df-b28c-df9f84da961e","ts":"2025-12-12T16:51:45.874-05:00","eventName":"n8n.node.started","message":"n8n.node.started","payload":{"workflowId":"3FV7bhmEnjYUnUWN","workflowName":"Weekly Weather Forecast Pipeline","executionId":"39","nodeType":"n8n-nodes-base.telegram","nodeName":"Telegram","nodeId":"d6511bcc-0d33-4dcf-8bdf-2f33b75547b8"}}
{"__type":"$$EventMessageConfirm","confirm":"71987019-2d48-46df-b28c-df9f84da961e","ts":"2025-12-12T16:51:45.874-05:00","source":{"id":"0","name":"eventBus"}}
{"__type":"$$EventMessageNode","id":"1878eccc-52ac-4484-bd47-003d75ce8cbb","ts":"2025-12-12T16:51:46.209-05:00","eventName":"n8n.node.finished","message":"n8n.node.finished","payload":{"workflowId":"3FV7bhmEnjYUnUWN","workflowName":"Weekly Weather Forecast Pipeline","executionId":"39","nodeType":"n8n-nodes-base.telegram","nodeName":"Telegram","nodeId":"d6511bcc-0d33-4dcf-8bdf-2f33b75547b8"}}
{"__type":"$$EventMessageConfirm","confirm":"1878eccc-52ac-4484-bd47-003d75ce8cbb","ts":"2025-12-12T16:51:46.209-05:00","source":{"id":"0","name":"eventBus"}}
{"__type":"$$EventMessageWorkflow","id":"9a546f56-b2ef-4954-a3bf-4f3dea0ea72e","ts":"2025-12-12T16:51:46.211-05:00","eventName":"n8n.workflow.success","message":"n8n.workflow.success","payload":{"userId":"0c9a3827-5d7b-4f2b-9a5c-5480b8ddcc84","executionId":"39","success":true,"isManual":true,"workflowId":"3FV7bhmEnjYUnUWN","workflowName":"Weekly Weather Forecast Pipeline"}}
{"__type":"$$EventMessageConfirm","confirm":"9a546f56-b2ef-4954-a3bf-4f3dea0ea72e","ts":"2025-12-12T16:51:46.211-05:00","source":{"id":"0","name":"eventBus"}}
{"__type":"$$EventMessageWorkflow","id":"b194d162-6731-4cf3-950b-14fb466ddd68","ts":"2025-12-12T16:52:10.380-05:00","eventName":"n8n.workflow.started","message":"n8n.workflow.started","payload":{"executionId":"40","workflowId":"3FV7bhmEnjYUnUWN","isManual":false,"workflowName":"Weekly Weather Forecast Pipeline"}}
{"__type":"$$EventMessageConfirm","confirm":"b194d162-6731-4cf3-950b-14fb466ddd68","ts":"2025-12-12T16:52:10.380-05:00","source":{"id":"0","name":"eventBus"}}
{"__type":"$$EventMessageNode","id":"73f06ea3-0acf-46bf-8d9f-5d1623ff57f4","ts":"2025-12-12T16:52:10.381-05:00","eventName":"n8n.node.started","message":"n8n.node.started","payload":{"workflowId":"3FV7bhmEnjYUnUWN","workflowName":"Weekly Weather Forecast Pipeline","executionId":"40","nodeType":"n8n-nodes-base.cron","nodeName":"Cron Trigger","nodeId":"31eacae3-ec9c-4945-a43b-c4198640270a"}}
{"__type":"$$EventMessageConfirm","confirm":"73f06ea3-0acf-46bf-8d9f-5d1623ff57f4","ts":"2025-12-12T16:52:10.381-05:00","source":{"id":"0","name":"eventBus"}}
{"__type":"$$EventMessageNode","id":"4c03c931-2cd2-4ebb-8247-b368d1851225","ts":"2025-12-12T16:52:10.381-05:00","eventName":"n8n.node.finished","message":"n8n.node.finished","payload":{"workflowId":"3FV7bhmEnjYUnUWN","workflowName":"Weekly Weather Forecast Pipeline","executionId":"40","nodeType":"n8n-nodes-base.cron","nodeName":"Cron Trigger","nodeId":"31eacae3-ec9c-4945-a43b-c4198640270a"}}
{"__type":"$$EventMessageConfirm","confirm":"4c03c931-2cd2-4ebb-8247-b368d1851225","ts":"2025-12-12T16:52:10.381-05:00","source":{"id":"0","name":"eventBus"}}
{"__type":"$$EventMessageNode","id":"46cee0ad-7d74-4110-9fc4-d275b6c238c8","ts":"2025-12-12T16:52:10.382-05:00","eventName":"n8n.node.started","message":"n8n.node.started","payload":{"workflowId":"3FV7bhmEnjYUnUWN","workflowName":"Weekly Weather Forecast Pipeline","executionId":"40","nodeType":"n8n-nodes-base.function","nodeName":"Generate Dates","nodeId":"119590d7-076c-4958-b0f2-86d9ab1dafbd"}}
{"__type":"$$EventMessageConfirm","confirm":"46cee0ad-7d74-4110-9fc4-d275b6c238c8","ts":"2025-12-12T16:52:10.382-05:00","source":{"id":"0","name":"eventBus"}}
{"__type":"$$EventMessageNode","id":"93681bb9-4738-40cd-9454-054568f4cda8","ts":"2025-12-12T16:52:10.391-05:00","eventName":"n8n.node.finished","message":"n8n.node.finished","payload":{"workflowId":"3FV7bhmEnjYUnUWN","workflowName":"Weekly Weather Forecast Pipeline","executionId":"40","nodeType":"n8n-nodes-base.function","nodeName":"Generate Dates","nodeId":"119590d7-076c-4958-b0f2-86d9ab1dafbd"}}
{"__type":"$$EventMessageConfirm","confirm":"93681bb9-4738-40cd-9454-054568f4cda8","ts":"2025-12-12T16:52:10.391-05:00","source":{"id":"0","name":"eventBus"}}
{"__type":"$$EventMessageNode","id":"f2186918-3ed5-4e41-8549-8fb171b30679","ts":"2025-12-12T16:52:10.391-05:00","eventName":"n8n.node.started","message":"n8n.node.started","payload":{"workflowId":"3FV7bhmEnjYUnUWN","workflowName":"Weekly Weather Forecast Pipeline","executionId":"40","nodeType":"n8n-nodes-base.httpRequest","nodeName":"HTTP Request (FastAPI Predict)","nodeId":"e5d3c40c-d5de-4eb4-a1c1-dd7c9fd441de"}}
{"__type":"$$EventMessageConfirm","confirm":"f2186918-3ed5-4e41-8549-8fb171b30679","ts":"2025-12-12T16:52:10.391-05:00","source":{"id":"0","name":"eventBus"}}
{"__type":"$$EventMessageNode","id":"63bcd4c2-cfec-48a6-aa00-b646582bec67","ts":"2025-12-12T16:52:10.404-05:00","eventName":"n8n.node.finished","message":"n8n.node.finished","payload":{"workflowId":"3FV7bhmEnjYUnUWN","workflowName":"Weekly Weather Forecast Pipeline","executionId":"40","nodeType":"n8n-nodes-base.httpRequest","nodeName":"HTTP Request (FastAPI Predict)","nodeId":"e5d3c40c-d5de-4eb4-a1c1-dd7c9fd441de"}}
{"__type":"$$EventMessageConfirm","confirm":"63bcd4c2-cfec-48a6-aa00-b646582bec67","ts":"2025-12-12T16:52:10.404-05:00","source":{"id":"0","name":"eventBus"}}
{"__type":"$$EventMessageNode","id":"8c4d7b07-c33b-4f93-b352-d37c2e79748d","ts":"2025-12-12T16:52:10.404-05:00","eventName":"n8n.node.started","message":"n8n.node.started","payload":{"workflowId":"3FV7bhmEnjYUnUWN","workflowName":"Weekly Weather Forecast Pipeline","executionId":"40","nodeType":"n8n-nodes-base.telegram","nodeName":"Telegram","nodeId":"d6511bcc-0d33-4dcf-8bdf-2f33b75547b8"}}
{"__type":"$$EventMessageConfirm","confirm":"8c4d7b07-c33b-4f93-b352-d37c2e79748d","ts":"2025-12-12T16:52:10.404-05:00","source":{"id":"0","name":"eventBus"}}
{"__type":"$$EventMessageNode","id":"0158fb3b-9ac9-454a-908d-542e3ca31485","ts":"2025-12-12T16:52:10.650-05:00","eventName":"n8n.node.finished","message":"n8n.node.finished","payload":{"workflowId":"3FV7bhmEnjYUnUWN","workflowName":"Weekly Weather Forecast Pipeline","executionId":"40","nodeType":"n8n-nodes-base.telegram","nodeName":"Telegram","nodeId":"d6511bcc-0d33-4dcf-8bdf-2f33b75547b8"}}
{"__type":"$$EventMessageConfirm","confirm":"0158fb3b-9ac9-454a-908d-542e3ca31485","ts":"2025-12-12T16:52:10.651-05:00","source":{"id":"0","name":"eventBus"}}
{"__type":"$$EventMessageWorkflow","id":"166393e0-ed9a-429f-948c-4e12f4066a02","ts":"2025-12-12T16:52:10.652-05:00","eventName":"n8n.workflow.success","message":"n8n.workflow.success","payload":{"userId":"0c9a3827-5d7b-4f2b-9a5c-5480b8ddcc84","executionId":"40","success":true,"isManual":true,"workflowId":"3FV7bhmEnjYUnUWN","workflowName":"Weekly Weather Forecast Pipeline"}}
{"__type":"$$EventMessageConfirm","confirm":"166393e0-ed9a-429f-948c-4e12f4066a02","ts":"2025-12-12T16:52:10.652-05:00","source":{"id":"0","name":"eventBus"}}
{"__type":"$$EventMessageWorkflow","id":"329c43e2-7ce0-4cca-8172-e54cc5ddd8dd","ts":"2025-12-12T16:55:24.359-05:00","eventName":"n8n.workflow.started","message":"n8n.workflow.started","payload":{"executionId":"41","workflowId":"3FV7bhmEnjYUnUWN","isManual":false,"workflowName":"Weekly Weather Forecast Pipeline"}}
{"__type":"$$EventMessageConfirm","confirm":"329c43e2-7ce0-4cca-8172-e54cc5ddd8dd","ts":"2025-12-12T16:55:24.359-05:00","source":{"id":"0","name":"eventBus"}}
{"__type":"$$EventMessageNode","id":"0382a3bb-1e5a-4300-99b5-5ce3cf57acd8","ts":"2025-12-12T16:55:24.360-05:00","eventName":"n8n.node.started","message":"n8n.node.started","payload":{"workflowId":"3FV7bhmEnjYUnUWN","workflowName":"Weekly Weather Forecast Pipeline","executionId":"41","nodeType":"n8n-nodes-base.cron","nodeName":"Cron Trigger","nodeId":"31eacae3-ec9c-4945-a43b-c4198640270a"}}
{"__type":"$$EventMessageConfirm","confirm":"0382a3bb-1e5a-4300-99b5-5ce3cf57acd8","ts":"2025-12-12T16:55:24.360-05:00","source":{"id":"0","name":"eventBus"}}
{"__type":"$$EventMessageNode","id":"968496ac-81de-45d6-b0a5-022d9023931d","ts":"2025-12-12T16:55:24.360-05:00","eventName":"n8n.node.finished","message":"n8n.node.finished","payload":{"workflowId":"3FV7bhmEnjYUnUWN","workflowName":"Weekly Weather Forecast Pipeline","executionId":"41","nodeType":"n8n-nodes-base.cron","nodeName":"Cron Trigger","nodeId":"31eacae3-ec9c-4945-a43b-c4198640270a"}}
{"__type":"$$EventMessageConfirm","confirm":"968496ac-81de-45d6-b0a5-022d9023931d","ts":"2025-12-12T16:55:24.360-05:00","source":{"id":"0","name":"eventBus"}}
{"__type":"$$EventMessageNode","id":"8c7b462d-0a65-4b32-9f53-4601e4101a35","ts":"2025-12-12T16:55:24.361-05:00","eventName":"n8n.node.started","message":"n8n.node.started","payload":{"workflowId":"3FV7bhmEnjYUnUWN","workflowName":"Weekly Weather Forecast Pipeline","executionId":"41","nodeType":"n8n-nodes-base.function","nodeName":"Generate Dates","nodeId":"119590d7-076c-4958-b0f2-86d9ab1dafbd"}}
{"__type":"$$EventMessageConfirm","confirm":"8c7b462d-0a65-4b32-9f53-4601e4101a35","ts":"2025-12-12T16:55:24.361-05:00","source":{"id":"0","name":"eventBus"}}
{"__type":"$$EventMessageNode","id":"ffc384c2-f540-487d-a935-0bf4bc8d7cc5","ts":"2025-12-12T16:55:24.366-05:00","eventName":"n8n.node.finished","message":"n8n.node.finished","payload":{"workflowId":"3FV7bhmEnjYUnUWN","workflowName":"Weekly Weather Forecast Pipeline","executionId":"41","nodeType":"n8n-nodes-base.function","nodeName":"Generate Dates","nodeId":"119590d7-076c-4958-b0f2-86d9ab1dafbd"}}
{"__type":"$$EventMessageConfirm","confirm":"ffc384c2-f540-487d-a935-0bf4bc8d7cc5","ts":"2025-12-12T16:55:24.366-05:00","source":{"id":"0","name":"eventBus"}}
{"__type":"$$EventMessageNode","id":"faa2a39e-12ce-4118-96d8-2251280b8b01","ts":"2025-12-12T16:55:24.368-05:00","eventName":"n8n.node.started","message":"n8n.node.started","payload":{"workflowId":"3FV7bhmEnjYUnUWN","workflowName":"Weekly Weather Forecast Pipeline","executionId":"41","nodeType":"n8n-nodes-base.httpRequest","nodeName":"HTTP Request (FastAPI Predict)","nodeId":"e5d3c40c-d5de-4eb4-a1c1-dd7c9fd441de"}}
{"__type":"$$EventMessageConfirm","confirm":"faa2a39e-12ce-4118-96d8-2251280b8b01","ts":"2025-12-12T16:55:24.368-05:00","source":{"id":"0","name":"eventBus"}}
{"__type":"$$EventMessageNode","id":"8750035a-88c1-4243-af93-1a052c7661da","ts":"2025-12-12T16:55:24.386-05:00","eventName":"n8n.node.finished","message":"n8n.node.finished","payload":{"workflowId":"3FV7bhmEnjYUnUWN","workflowName":"Weekly Weather Forecast Pipeline","executionId":"41","nodeType":"n8n-nodes-base.httpRequest","nodeName":"HTTP Request (FastAPI Predict)","nodeId":"e5d3c40c-d5de-4eb4-a1c1-dd7c9fd441de"}}
{"__type":"$$EventMessageConfirm","confirm":"8750035a-88c1-4243-af93-1a052c7661da","ts":"2025-12-12T16:55:24.386-05:00","source":{"id":"0","name":"eventBus"}}
{"__type":"$$EventMessageNode","id":"0e4489b4-4f87-4317-9edc-cf56dc4d5235","ts":"2025-12-12T16:55:24.387-05:00","eventName":"n8n.node.started","message":"n8n.node.started","payload":{"workflowId":"3FV7bhmEnjYUnUWN","workflowName":"Weekly Weather Forecast Pipeline","executionId":"41","nodeType":"n8n-nodes-base.telegram","nodeName":"Telegram","nodeId":"d6511bcc-0d33-4dcf-8bdf-2f33b75547b8"}}
{"__type":"$$EventMessageConfirm","confirm":"0e4489b4-4f87-4317-9edc-cf56dc4d5235","ts":"2025-12-12T16:55:24.387-05:00","source":{"id":"0","name":"eventBus"}}
{"__type":"$$EventMessageNode","id":"1a1582c5-3f93-4eeb-871c-7322909d810e","ts":"2025-12-12T16:55:24.591-05:00","eventName":"n8n.node.finished","message":"n8n.node.finished","payload":{"workflowId":"3FV7bhmEnjYUnUWN","workflowName":"Weekly Weather Forecast Pipeline","executionId":"41","nodeType":"n8n-nodes-base.telegram","nodeName":"Telegram","nodeId":"d6511bcc-0d33-4dcf-8bdf-2f33b75547b8"}}
{"__type":"$$EventMessageConfirm","confirm":"1a1582c5-3f93-4eeb-871c-7322909d810e","ts":"2025-12-12T16:55:24.591-05:00","source":{"id":"0","name":"eventBus"}}
{"__type":"$$EventMessageWorkflow","id":"12054872-a186-4db5-b623-0eeb8b943591","ts":"2025-12-12T16:55:24.593-05:00","eventName":"n8n.workflow.success","message":"n8n.workflow.success","payload":{"userId":"0c9a3827-5d7b-4f2b-9a5c-5480b8ddcc84","executionId":"41","success":true,"isManual":true,"workflowId":"3FV7bhmEnjYUnUWN","workflowName":"Weekly Weather Forecast Pipeline"}}
{"__type":"$$EventMessageConfirm","confirm":"12054872-a186-4db5-b623-0eeb8b943591","ts":"2025-12-12T16:55:24.593-05:00","source":{"id":"0","name":"eventBus"}}
{"__type":"$$EventMessageAudit","id":"5bb93252-93df-4b00-b9ad-5545c69cd348","ts":"2025-12-12T16:55:52.684-05:00","eventName":"n8n.audit.workflow.updated","message":"n8n.audit.workflow.updated","payload":{"userId":"0c9a3827-5d7b-4f2b-9a5c-5480b8ddcc84","_email":"osepansergej@gmail.com","_firstName":"Сергей","_lastName":"Осепян","globalRole":"global:owner","workflowId":"3FV7bhmEnjYUnUWN","workflowName":"Weekly Weather Forecast Pipeline"}}
{"__type":"$$EventMessageConfirm","confirm":"5bb93252-93df-4b00-b9ad-5545c69cd348","ts":"2025-12-12T16:55:52.684-05:00","source":{"id":"0","name":"eventBus"}}
{"__type":"$$EventMessageWorkflow","id":"493f2e56-817d-44a0-b664-4655e51c03b8","ts":"2025-12-12T16:55:54.418-05:00","eventName":"n8n.workflow.started","message":"n8n.workflow.started","payload":{"executionId":"42","workflowId":"3FV7bhmEnjYUnUWN","isManual":false,"workflowName":"Weekly Weather Forecast Pipeline"}}
{"__type":"$$EventMessageConfirm","confirm":"493f2e56-817d-44a0-b664-4655e51c03b8","ts":"2025-12-12T16:55:54.418-05:00","source":{"id":"0","name":"eventBus"}}
{"__type":"$$EventMessageNode","id":"e79ed31b-1c44-48a2-99b7-b83be442247c","ts":"2025-12-12T16:55:54.419-05:00","eventName":"n8n.node.started","message":"n8n.node.started","payload":{"workflowId":"3FV7bhmEnjYUnUWN","workflowName":"Weekly Weather Forecast Pipeline","executionId":"42","nodeType":"n8n-nodes-base.telegram","nodeName":"Telegram","nodeId":"d6511bcc-0d33-4dcf-8bdf-2f33b75547b8"}}
{"__type":"$$EventMessageConfirm","confirm":"e79ed31b-1c44-48a2-99b7-b83be442247c","ts":"2025-12-12T16:55:54.419-05:00","source":{"id":"0","name":"eventBus"}}
{"__type":"$$EventMessageNode","id":"4895096b-ebb2-4f17-ac7b-aa2898247e91","ts":"2025-12-12T16:55:54.707-05:00","eventName":"n8n.node.finished","message":"n8n.node.finished","payload":{"workflowId":"3FV7bhmEnjYUnUWN","workflowName":"Weekly Weather Forecast Pipeline","executionId":"42","nodeType":"n8n-nodes-base.telegram","nodeName":"Telegram","nodeId":"d6511bcc-0d33-4dcf-8bdf-2f33b75547b8"}}
{"__type":"$$EventMessageConfirm","confirm":"4895096b-ebb2-4f17-ac7b-aa2898247e91","ts":"2025-12-12T16:55:54.707-05:00","source":{"id":"0","name":"eventBus"}}
{"__type":"$$EventMessageWorkflow","id":"ab179926-a348-4fb8-88ea-3d5f9758bcd8","ts":"2025-12-12T16:55:54.709-05:00","eventName":"n8n.workflow.success","message":"n8n.workflow.success","payload":{"userId":"0c9a3827-5d7b-4f2b-9a5c-5480b8ddcc84","executionId":"42","success":true,"isManual":true,"workflowId":"3FV7bhmEnjYUnUWN","workflowName":"Weekly Weather Forecast Pipeline"}}
{"__type":"$$EventMessageConfirm","confirm":"ab179926-a348-4fb8-88ea-3d5f9758bcd8","ts":"2025-12-12T16:55:54.709-05:00","source":{"id":"0","name":"eventBus"}}
{"__type":"$$EventMessageWorkflow","id":"12c8fefa-e27e-48b8-927c-a9ffa45f7d87","ts":"2025-12-12T18:18:04.669-05:00","eventName":"n8n.workflow.started","message":"n8n.workflow.started","payload":{"executionId":"43","workflowId":"3FV7bhmEnjYUnUWN","isManual":false,"workflowName":"Weekly Weather Forecast Pipeline"}}
{"__type":"$$EventMessageConfirm","confirm":"12c8fefa-e27e-48b8-927c-a9ffa45f7d87","ts":"2025-12-12T18:18:04.670-05:00","source":{"id":"0","name":"eventBus"}}
{"__type":"$$EventMessageNode","id":"e3e8a17a-6ef9-4015-a2d9-65ed4e736e28","ts":"2025-12-12T18:18:04.672-05:00","eventName":"n8n.node.started","message":"n8n.node.started","payload":{"workflowId":"3FV7bhmEnjYUnUWN","workflowName":"Weekly Weather Forecast Pipeline","executionId":"43","nodeType":"n8n-nodes-base.cron","nodeName":"Cron Trigger","nodeId":"31eacae3-ec9c-4945-a43b-c4198640270a"}}
{"__type":"$$EventMessageConfirm","confirm":"e3e8a17a-6ef9-4015-a2d9-65ed4e736e28","ts":"2025-12-12T18:18:04.672-05:00","source":{"id":"0","name":"eventBus"}}
{"__type":"$$EventMessageNode","id":"18ff55d1-ba6a-4b45-a94c-d7a586b3eef5","ts":"2025-12-12T18:18:04.675-05:00","eventName":"n8n.node.finished","message":"n8n.node.finished","payload":{"workflowId":"3FV7bhmEnjYUnUWN","workflowName":"Weekly Weather Forecast Pipeline","executionId":"43","nodeType":"n8n-nodes-base.cron","nodeName":"Cron Trigger","nodeId":"31eacae3-ec9c-4945-a43b-c4198640270a"}}
{"__type":"$$EventMessageConfirm","confirm":"18ff55d1-ba6a-4b45-a94c-d7a586b3eef5","ts":"2025-12-12T18:18:04.675-05:00","source":{"id":"0","name":"eventBus"}}
{"__type":"$$EventMessageNode","id":"3900b3ef-2012-4651-965a-444b8dda8729","ts":"2025-12-12T18:18:04.676-05:00","eventName":"n8n.node.started","message":"n8n.node.started","payload":{"workflowId":"3FV7bhmEnjYUnUWN","workflowName":"Weekly Weather Forecast Pipeline","executionId":"43","nodeType":"n8n-nodes-base.function","nodeName":"Generate Dates","nodeId":"119590d7-076c-4958-b0f2-86d9ab1dafbd"}}
{"__type":"$$EventMessageConfirm","confirm":"3900b3ef-2012-4651-965a-444b8dda8729","ts":"2025-12-12T18:18:04.676-05:00","source":{"id":"0","name":"eventBus"}}
{"__type":"$$EventMessageNode","id":"245cd6a3-c958-41d5-af8a-0686d5a71d2f","ts":"2025-12-12T18:18:04.692-05:00","eventName":"n8n.node.finished","message":"n8n.node.finished","payload":{"workflowId":"3FV7bhmEnjYUnUWN","workflowName":"Weekly Weather Forecast Pipeline","executionId":"43","nodeType":"n8n-nodes-base.function","nodeName":"Generate Dates","nodeId":"119590d7-076c-4958-b0f2-86d9ab1dafbd"}}
{"__type":"$$EventMessageConfirm","confirm":"245cd6a3-c958-41d5-af8a-0686d5a71d2f","ts":"2025-12-12T18:18:04.692-05:00","source":{"id":"0","name":"eventBus"}}
{"__type":"$$EventMessageNode","id":"de6905e9-a974-4226-9785-63e7793fb09a","ts":"2025-12-12T18:18:04.693-05:00","eventName":"n8n.node.started","message":"n8n.node.started","payload":{"workflowId":"3FV7bhmEnjYUnUWN","workflowName":"Weekly Weather Forecast Pipeline","executionId":"43","nodeType":"n8n-nodes-base.httpRequest","nodeName":"HTTP Request (FastAPI Predict)","nodeId":"e5d3c40c-d5de-4eb4-a1c1-dd7c9fd441de"}}
{"__type":"$$EventMessageConfirm","confirm":"de6905e9-a974-4226-9785-63e7793fb09a","ts":"2025-12-12T18:18:04.693-05:00","source":{"id":"0","name":"eventBus"}}
{"__type":"$$EventMessageNode","id":"26ad066c-faaf-4ef7-b7b1-588f05200a89","ts":"2025-12-12T18:18:04.753-05:00","eventName":"n8n.node.finished","message":"n8n.node.finished","payload":{"workflowId":"3FV7bhmEnjYUnUWN","workflowName":"Weekly Weather Forecast Pipeline","executionId":"43","nodeType":"n8n-nodes-base.httpRequest","nodeName":"HTTP Request (FastAPI Predict)","nodeId":"e5d3c40c-d5de-4eb4-a1c1-dd7c9fd441de"}}
{"__type":"$$EventMessageConfirm","confirm":"26ad066c-faaf-4ef7-b7b1-588f05200a89","ts":"2025-12-12T18:18:04.753-05:00","source":{"id":"0","name":"eventBus"}}
{"__type":"$$EventMessageNode","id":"6c5867f4-0517-4c92-912f-3d5108aa8f25","ts":"2025-12-12T18:18:04.753-05:00","eventName":"n8n.node.started","message":"n8n.node.started","payload":{"workflowId":"3FV7bhmEnjYUnUWN","workflowName":"Weekly Weather Forecast Pipeline","executionId":"43","nodeType":"n8n-nodes-base.telegram","nodeName":"Telegram","nodeId":"d6511bcc-0d33-4dcf-8bdf-2f33b75547b8"}}
{"__type":"$$EventMessageConfirm","confirm":"6c5867f4-0517-4c92-912f-3d5108aa8f25","ts":"2025-12-12T18:18:04.753-05:00","source":{"id":"0","name":"eventBus"}}
{"__type":"$$EventMessageNode","id":"e931694c-2e41-4063-885e-7ba13521ae15","ts":"2025-12-12T18:18:05.011-05:00","eventName":"n8n.node.finished","message":"n8n.node.finished","payload":{"workflowId":"3FV7bhmEnjYUnUWN","workflowName":"Weekly Weather Forecast Pipeline","executionId":"43","nodeType":"n8n-nodes-base.telegram","nodeName":"Telegram","nodeId":"d6511bcc-0d33-4dcf-8bdf-2f33b75547b8"}}
{"__type":"$$EventMessageConfirm","confirm":"e931694c-2e41-4063-885e-7ba13521ae15","ts":"2025-12-12T18:18:05.011-05:00","source":{"id":"0","name":"eventBus"}}
{"__type":"$$EventMessageWorkflow","id":"1d946ab5-c351-456e-b607-2d8e89836971","ts":"2025-12-12T18:18:05.014-05:00","eventName":"n8n.workflow.success","message":"n8n.workflow.success","payload":{"userId":"0c9a3827-5d7b-4f2b-9a5c-5480b8ddcc84","executionId":"43","success":true,"isManual":true,"workflowId":"3FV7bhmEnjYUnUWN","workflowName":"Weekly Weather Forecast Pipeline"}}
{"__type":"$$EventMessageConfirm","confirm":"1d946ab5-c351-456e-b607-2d8e89836971","ts":"2025-12-12T18:18:05.014-05:00","source":{"id":"0","name":"eventBus"}}
{"__type":"$$EventMessageWorkflow","id":"193160a4-3528-413f-9371-fb20b077f1fb","ts":"2025-12-12T18:26:51.935-05:00","eventName":"n8n.workflow.started","message":"n8n.workflow.started","payload":{"executionId":"44","workflowId":"3FV7bhmEnjYUnUWN","isManual":false,"workflowName":"Weekly Weather Forecast Pipeline"}}
{"__type":"$$EventMessageConfirm","confirm":"193160a4-3528-413f-9371-fb20b077f1fb","ts":"2025-12-12T18:26:51.936-05:00","source":{"id":"0","name":"eventBus"}}
{"__type":"$$EventMessageNode","id":"9ce4840c-b161-4ab7-a81b-d08c38bca8d8","ts":"2025-12-12T18:26:51.936-05:00","eventName":"n8n.node.started","message":"n8n.node.started","payload":{"workflowId":"3FV7bhmEnjYUnUWN","workflowName":"Weekly Weather Forecast Pipeline","executionId":"44","nodeType":"n8n-nodes-base.cron","nodeName":"Cron Trigger","nodeId":"31eacae3-ec9c-4945-a43b-c4198640270a"}}
{"__type":"$$EventMessageConfirm","confirm":"9ce4840c-b161-4ab7-a81b-d08c38bca8d8","ts":"2025-12-12T18:26:51.936-05:00","source":{"id":"0","name":"eventBus"}}
{"__type":"$$EventMessageNode","id":"99db33f0-9d8a-4470-a312-09ae34eda48a","ts":"2025-12-12T18:26:51.937-05:00","eventName":"n8n.node.finished","message":"n8n.node.finished","payload":{"workflowId":"3FV7bhmEnjYUnUWN","workflowName":"Weekly Weather Forecast Pipeline","executionId":"44","nodeType":"n8n-nodes-base.cron","nodeName":"Cron Trigger","nodeId":"31eacae3-ec9c-4945-a43b-c4198640270a"}}
{"__type":"$$EventMessageConfirm","confirm":"99db33f0-9d8a-4470-a312-09ae34eda48a","ts":"2025-12-12T18:26:51.937-05:00","source":{"id":"0","name":"eventBus"}}
{"__type":"$$EventMessageNode","id":"4ca96d9f-a0f6-463b-8abc-a73ea769e977","ts":"2025-12-12T18:26:51.937-05:00","eventName":"n8n.node.started","message":"n8n.node.started","payload":{"workflowId":"3FV7bhmEnjYUnUWN","workflowName":"Weekly Weather Forecast Pipeline","executionId":"44","nodeType":"n8n-nodes-base.function","nodeName":"Generate Dates","nodeId":"119590d7-076c-4958-b0f2-86d9ab1dafbd"}}
{"__type":"$$EventMessageConfirm","confirm":"4ca96d9f-a0f6-463b-8abc-a73ea769e977","ts":"2025-12-12T18:26:51.937-05:00","source":{"id":"0","name":"eventBus"}}
{"__type":"$$EventMessageNode","id":"73b51256-4314-4576-aab3-9a20dd2b072d","ts":"2025-12-12T18:26:51.942-05:00","eventName":"n8n.node.finished","message":"n8n.node.finished","payload":{"workflowId":"3FV7bhmEnjYUnUWN","workflowName":"Weekly Weather Forecast Pipeline","executionId":"44","nodeType":"n8n-nodes-base.function","nodeName":"Generate Dates","nodeId":"119590d7-076c-4958-b0f2-86d9ab1dafbd"}}
{"__type":"$$EventMessageConfirm","confirm":"73b51256-4314-4576-aab3-9a20dd2b072d","ts":"2025-12-12T18:26:51.942-05:00","source":{"id":"0","name":"eventBus"}}
{"__type":"$$EventMessageNode","id":"d3870fb4-644f-47e9-8e5b-a40ea6d60716","ts":"2025-12-12T18:26:51.943-05:00","eventName":"n8n.node.started","message":"n8n.node.started","payload":{"workflowId":"3FV7bhmEnjYUnUWN","workflowName":"Weekly Weather Forecast Pipeline","executionId":"44","nodeType":"n8n-nodes-base.httpRequest","nodeName":"HTTP Request (FastAPI Predict)","nodeId":"e5d3c40c-d5de-4eb4-a1c1-dd7c9fd441de"}}
{"__type":"$$EventMessageConfirm","confirm":"d3870fb4-644f-47e9-8e5b-a40ea6d60716","ts":"2025-12-12T18:26:51.943-05:00","source":{"id":"0","name":"eventBus"}}
{"__type":"$$EventMessageNode","id":"8675e646-e000-445a-9405-ab589baff779","ts":"2025-12-12T18:26:51.967-05:00","eventName":"n8n.node.finished","message":"n8n.node.finished","payload":{"workflowId":"3FV7bhmEnjYUnUWN","workflowName":"Weekly Weather Forecast Pipeline","executionId":"44","nodeType":"n8n-nodes-base.httpRequest","nodeName":"HTTP Request (FastAPI Predict)","nodeId":"e5d3c40c-d5de-4eb4-a1c1-dd7c9fd441de"}}
{"__type":"$$EventMessageConfirm","confirm":"8675e646-e000-445a-9405-ab589baff779","ts":"2025-12-12T18:26:51.967-05:00","source":{"id":"0","name":"eventBus"}}
{"__type":"$$EventMessageNode","id":"b5b061d0-f682-4e41-aef1-97079959219e","ts":"2025-12-12T18:26:51.968-05:00","eventName":"n8n.node.started","message":"n8n.node.started","payload":{"workflowId":"3FV7bhmEnjYUnUWN","workflowName":"Weekly Weather Forecast Pipeline","executionId":"44","nodeType":"n8n-nodes-base.telegram","nodeName":"Telegram","nodeId":"d6511bcc-0d33-4dcf-8bdf-2f33b75547b8"}}
{"__type":"$$EventMessageConfirm","confirm":"b5b061d0-f682-4e41-aef1-97079959219e","ts":"2025-12-12T18:26:51.968-05:00","source":{"id":"0","name":"eventBus"}}
{"__type":"$$EventMessageNode","id":"555d9218-7841-467d-bf92-9b029f3a1dc2","ts":"2025-12-12T18:26:52.261-05:00","eventName":"n8n.node.finished","message":"n8n.node.finished","payload":{"workflowId":"3FV7bhmEnjYUnUWN","workflowName":"Weekly Weather Forecast Pipeline","executionId":"44","nodeType":"n8n-nodes-base.telegram","nodeName":"Telegram","nodeId":"d6511bcc-0d33-4dcf-8bdf-2f33b75547b8"}}
{"__type":"$$EventMessageConfirm","confirm":"555d9218-7841-467d-bf92-9b029f3a1dc2","ts":"2025-12-12T18:26:52.261-05:00","source":{"id":"0","name":"eventBus"}}
{"__type":"$$EventMessageWorkflow","id":"f52a6666-0240-43a9-a599-1025c7280c96","ts":"2025-12-12T18:26:52.263-05:00","eventName":"n8n.workflow.success","message":"n8n.workflow.success","payload":{"userId":"0c9a3827-5d7b-4f2b-9a5c-5480b8ddcc84","executionId":"44","success":true,"isManual":true,"workflowId":"3FV7bhmEnjYUnUWN","workflowName":"Weekly Weather Forecast Pipeline"}}
{"__type":"$$EventMessageConfirm","confirm":"f52a6666-0240-43a9-a599-1025c7280c96","ts":"2025-12-12T18:26:52.263-05:00","source":{"id":"0","name":"eventBus"}}
