{"__type":"$$EventMessageAudit","id":"23be02c0-d681-4b14-a464-dfe58c23ce33","ts":"2025-12-12T23:45:26.484+00:00","eventName":"n8n.audit.workflow.created","message":"n8n.audit.workflow.created","payload":{"userId":"0c9a3827-5d7b-4f2b-9a5c-5480b8ddcc84","_email":"osepansergej@gmail.com","_firstName":"Сергей","_lastName":"Осепян","globalRole":"global:owner","workflowId":"6c9v8FPZ8ayV3XXb","workflowName":"Weekly Weather Forecast Pipeline"}}
{"__type":"$$EventMessageConfirm","confirm":"23be02c0-d681-4b14-a464-dfe58c23ce33","ts":"2025-12-12T23:45:26.484+00:00","source":{"id":"0","name":"eventBus"}}
{"__type":"$$EventMessageWorkflow","id":"2b372338-4d52-4141-b956-140336b6e1f9","ts":"2025-12-12T23:45:27.167+00:00","eventName":"n8n.workflow.started","message":"n8n.workflow.started","payload":{"executionId":"45","workflowId":"6c9v8FPZ8ayV3XXb","isManual":false,"workflowName":"Weekly Weather Forecast Pipeline"}}
{"__type":"$$EventMessageConfirm","confirm":"2b372338-4d52-4141-b956-140336b6e1f9","ts":"2025-12-12T23:45:27.168+00:00","source":{"id":"0","name":"eventBus"}}
{"__type":"$$EventMessageNode","id":"76b3eba1-4324-40cc-9693-52b6c2b556fb","ts":"2025-12-12T23:45:27.169+00:00","eventName":"n8n.node.started","message":"n8n.node.started","payload":{"workflowId":"6c9v8FPZ8ayV3XXb","workflowName":"Weekly Weather Forecast Pipeline","executionId":"45","nodeType":"n8n-nodes-base.cron","nodeName":"Cron Trigger","nodeId":"835aee59-60d5-4bd5-8573-dd6b5d239295"}}
{"__type":"$$EventMessageConfirm","confirm":"76b3eba1-4324-40cc-9693-52b6c2b556fb","ts":"2025-12-12T23:45:27.169+00:00","source":{"id":"0","name":"eventBus"}}
{"__type":"$$EventMessageNode","id":"6a7c10a4-5bfc-444c-a48f-ab2832df3199","ts":"2025-12-12T23:45:27.171+00:00","eventName":"n8n.node.finished","message":"n8n.node.finished","payload":{"workflowId":"6c9v8FPZ8ayV3XXb","workflowName":"Weekly Weather Forecast Pipeline","executionId":"45","nodeType":"n8n-nodes-base.cron","nodeName":"Cron Trigger","nodeId":"835aee59-60d5-4bd5-8573-dd6b5d239295"}}
{"__type":"$$EventMessageConfirm","confirm":"6a7c10a4-5bfc-444c-a48f-ab2832df3199","ts":"2025-12-12T23:45:27.171+00:00","source":{"id":"0","name":"eventBus"}}
{"__type":"$$EventMessageNode","id":"cc51a231-adc4-40c9-9476-2007aeedc5cb","ts":"2025-12-12T23:45:27.172+00:00","eventName":"n8n.node.started","message":"n8n.node.started","payload":{"workflowId":"6c9v8FPZ8ayV3XXb","workflowName":"Weekly Weather Forecast Pipeline","executionId":"45","nodeType":"n8n-nodes-base.function","nodeName":"Generate Dates","nodeId":"3115b4e9-198d-4fed-add0-5896687d0500"}}
{"__type":"$$EventMessageConfirm","confirm":"cc51a231-adc4-40c9-9476-2007aeedc5cb","ts":"2025-12-12T23:45:27.172+00:00","source":{"id":"0","name":"eventBus"}}
{"__type":"$$EventMessageNode","id":"152a96d6-5569-4437-b08b-4ae61e5a55e3","ts":"2025-12-12T18:45:27.188-05:00","eventName":"n8n.node.finished","message":"n8n.node.finished","payload":{"workflowId":"6c9v8FPZ8ayV3XXb","workflowName":"Weekly Weather Forecast Pipeline","executionId":"45","nodeType":"n8n-nodes-base.function","nodeName":"Generate Dates","nodeId":"3115b4e9-198d-4fed-add0-5896687d0500"}}
{"__type":"$$EventMessageConfirm","confirm":"152a96d6-5569-4437-b08b-4ae61e5a55e3","ts":"2025-12-12T18:45:27.188-05:00","source":{"id":"0","name":"eventBus"}}
{"__type":"$$EventMessageNode","id":"ed3709d7-f548-4e42-b1bd-d1076631b455","ts":"2025-12-12T18:45:27.188-05:00","eventName":"n8n.node.started","message":"n8n.node.started","payload":{"workflowId":"6c9v8FPZ8ayV3XXb","workflowName":"Weekly Weather Forecast Pipeline","executionId":"45","nodeType":"n8n-nodes-base.httpRequest","nodeName":"HTTP Request (FastAPI Predict)","nodeId":"67871158-6540-4b88-9508-c807f01eb1d8"}}
{"__type":"$$EventMessageConfirm","confirm":"ed3709d7-f548-4e42-b1bd-d1076631b455","ts":"2025-12-12T18:45:27.189-05:00","source":{"id":"0","name":"eventBus"}}
{"__type":"$$EventMessageNode","id":"c9122b08-836a-4df3-a151-aff734fb4327","ts":"2025-12-12T18:45:27.232-05:00","eventName":"n8n.node.finished","message":"n8n.node.finished","payload":{"workflowId":"6c9v8FPZ8ayV3XXb","workflowName":"Weekly Weather Forecast Pipeline","executionId":"45","nodeType":"n8n-nodes-base.httpRequest","nodeName":"HTTP Request (FastAPI Predict)","nodeId":"67871158-6540-4b88-9508-c807f01eb1d8"}}
{"__type":"$$EventMessageConfirm","confirm":"c9122b08-836a-4df3-a151-aff734fb4327","ts":"2025-12-12T18:45:27.232-05:00","source":{"id":"0","name":"eventBus"}}
{"__type":"$$EventMessageNode","id":"db1ccd5e-8653-438c-8f65-d812d43e1c8c","ts":"2025-12-12T18:45:27.233-05:00","eventName":"n8n.node.started","message":"n8n.node.started","payload":{"workflowId":"6c9v8FPZ8ayV3XXb","workflowName":"Weekly Weather Forecast Pipeline","executionId":"45","nodeType":"n8n-nodes-base.telegram","nodeName":"Telegram","nodeId":"bc9106d3-f7ba-4a74-994c-4c1f3b01a092"}}
{"__type":"$$EventMessageConfirm","confirm":"db1ccd5e-8653-438c-8f65-d812d43e1c8c","ts":"2025-12-12T18:45:27.233-05:00","source":{"id":"0","name":"eventBus"}}
{"__type":"$$EventMessageNode","id":"019c88e1-9814-4d90-a7cc-7176921ae5da","ts":"2025-12-12T18:45:27.646-05:00","eventName":"n8n.node.finished","message":"n8n.node.finished","payload":{"workflowId":"6c9v8FPZ8ayV3XXb","workflowName":"Weekly Weather Forecast Pipeline","executionId":"45","nodeType":"n8n-nodes-base.telegram","nodeName":"Telegram","nodeId":"bc9106d3-f7ba-4a74-994c-4c1f3b01a092"}}
{"__type":"$$EventMessageConfirm","confirm":"019c88e1-9814-4d90-a7cc-7176921ae5da","ts":"2025-12-12T18:45:27.646-05:00","source":{"id":"0","name":"eventBus"}}
{"__type":"$$EventMessageWorkflow","id":"58883ba9-cb28-4e4a-b3e0-d5abaf5924cc","ts":"2025-12-12T18:45:27.648-05:00","eventName":"n8n.workflow.success","message":"n8n.workflow.success","payload":{"userId":"0c9a3827-5d7b-4f2b-9a5c-5480b8ddcc84","executionId":"45","success":true,"isManual":true,"workflowId":"6c9v8FPZ8ayV3XXb","workflowName":"Weekly Weather Forecast Pipeline"}}
{"__type":"$$EventMessageConfirm","confirm":"58883ba9-cb28-4e4a-b3e0-d5abaf5924cc","ts":"2025-12-12T18:45:27.648-05:00","source":{"id":"0","name":"eventBus"}}
