{"__type":"$$EventMessageAudit","id":"8c9716c9-8f37-43e9-83c1-8cc574e69859","ts":"2025-12-12T23:53:54.387+00:00","eventName":"n8n.audit.workflow.created","message":"n8n.audit.workflow.created","payload":{"userId":"0c9a3827-5d7b-4f2b-9a5c-5480b8ddcc84","_email":"osepansergej@gmail.com","_firstName":"Сергей","_lastName":"Осепян","globalRole":"global:owner","workflowId":"jcpqryP7F7pgLFhG","workflowName":"Weekly Weather Forecast Pipeline"}}
{"__type":"$$EventMessageConfirm","confirm":"8c9716c9-8f37-43e9-83c1-8cc574e69859","ts":"2025-12-12T23:53:54.388+00:00","source":{"id":"0","name":"eventBus"}}
{"__type":"$$EventMessageWorkflow","id":"3e39b897-637a-45b7-95b3-03aa40816adb","ts":"2025-12-12T23:53:54.939+00:00","eventName":"n8n.workflow.started","message":"n8n.workflow.started","payload":{"executionId":"46","workflowId":"jcpqryP7F7pgLFhG","isManual":false,"workflowName":"Weekly Weather Forecast Pipeline"}}
{"__type":"$$EventMessageConfirm","confirm":"3e39b897-637a-45b7-95b3-03aa40816adb","ts":"2025-12-12T23:53:54.939+00:00","source":{"id":"0","name":"eventBus"}}
{"__type":"$$EventMessageNode","id":"9cb52033-fc9d-47a7-985f-f330e00981e1","ts":"2025-12-12T23:53:54.941+00:00","eventName":"n8n.node.started","message":"n8n.node.started","payload":{"workflowId":"jcpqryP7F7pgLFhG","workflowName":"Weekly Weather Forecast Pipeline","executionId":"46","nodeType":"n8n-nodes-base.cron","nodeName":"Cron Trigger","nodeId":"8272b8ff-1a26-4c05-a9af-418ebf08a2e7"}}
{"__type":"$$EventMessageConfirm","confirm":"9cb52033-fc9d-47a7-985f-f330e00981e1","ts":"2025-12-12T23:53:54.941+00:00","source":{"id":"0","name":"eventBus"}}
{"__type":"$$EventMessageNode","id":"7bdd17c9-6e1c-4cef-9640-1745e3d6776a","ts":"2025-12-12T23:53:54.944+00:00","eventName":"n8n.node.finished","message":"n8n.node.finished","payload":{"workflowId":"jcpqryP7F7pgLFhG","workflowName":"Weekly Weather Forecast Pipeline","executionId":"46","nodeType":"n8n-nodes-base.cron","nodeName":"Cron Trigger","nodeId":"8272b8ff-1a26-4c05-a9af-418ebf08a2e7"}}
{"__type":"$$EventMessageConfirm","confirm":"7bdd17c9-6e1c-4cef-9640-1745e3d6776a","ts":"2025-12-12T23:53:54.944+00:00","source":{"id":"0","name":"eventBus"}}
{"__type":"$$EventMessageNode","id":"17d81067-0d51-42f6-a9af-3c00a7fae4ee","ts":"2025-12-12T23:53:54.945+00:00","eventName":"n8n.node.started","message":"n8n.node.started","payload":{"workflowId":"jcpqryP7F7pgLFhG","workflowName":"Weekly Weather Forecast Pipeline","executionId":"46","nodeType":"n8n-nodes-base.function","nodeName":"Generate Dates","nodeId":"a338a5d8-aef7-4744-ba85-4b3ebdd1297c"}}
{"__type":"$$EventMessageConfirm","confirm":"17d81067-0d51-42f6-a9af-3c00a7fae4ee","ts":"2025-12-12T23:53:54.945+00:00","source":{"id":"0","name":"eventBus"}}
{"__type":"$$EventMessageNode","id":"7286dbce-a4aa-4ba5-84f2-354183532a6e","ts":"2025-12-12T18:53:54.959-05:00","eventName":"n8n.node.finished","message":"n8n.node.finished","payload":{"workflowId":"jcpqryP7F7pgLFhG","workflowName":"Weekly Weather Forecast Pipeline","executionId":"46","nodeType":"n8n-nodes-base.function","nodeName":"Generate Dates","nodeId":"a338a5d8-aef7-4744-ba85-4b3ebdd1297c"}}
{"__type":"$$EventMessageConfirm","confirm":"7286dbce-a4aa-4ba5-84f2-354183532a6e","ts":"2025-12-12T18:53:54.959-05:00","source":{"id":"0","name":"eventBus"}}
{"__type":"$$EventMessageNode","id":"b244f85e-56b7-4c5e-b0e9-ae6dd758c9ab","ts":"2025-12-12T18:53:54.960-05:00","eventName":"n8n.node.started","message":"n8n.node.started","payload":{"workflowId":"jcpqryP7F7pgLFhG","workflowName":"Weekly Weather Forecast Pipeline","executionId":"46","nodeType":"n8n-nodes-base.httpRequest","nodeName":"HTTP Request (FastAPI Predict)","nodeId":"c9f35153-766b-4db9-8ec7-491c5ed52bd7"}}
{"__type":"$$EventMessageConfirm","confirm":"b244f85e-56b7-4c5e-b0e9-ae6dd758c9ab","ts":"2025-12-12T18:53:54.960-05:00","source":{"id":"0","name":"eventBus"}}
{"__type":"$$EventMessageNode","id":"2e0d042d-e2c0-444d-a9a1-2d820ca69b9f","ts":"2025-12-12T18:53:54.997-05:00","eventName":"n8n.node.finished","message":"n8n.node.finished","payload":{"workflowId":"jcpqryP7F7pgLFhG","workflowName":"Weekly Weather Forecast Pipeline","executionId":"46","nodeType":"n8n-nodes-base.httpRequest","nodeName":"HTTP Request (FastAPI Predict)","nodeId":"c9f35153-766b-4db9-8ec7-491c5ed52bd7"}}
{"__type":"$$EventMessageConfirm","confirm":"2e0d042d-e2c0-444d-a9a1-2d820ca69b9f","ts":"2025-12-12T18:53:54.997-05:00","source":{"id":"0","name":"eventBus"}}
{"__type":"$$EventMessageNode","id":"e287d789-8a06-4934-bf89-afcc7e8c1035","ts":"2025-12-12T18:53:54.997-05:00","eventName":"n8n.node.started","message":"n8n.node.started","payload":{"workflowId":"jcpqryP7F7pgLFhG","workflowName":"Weekly Weather Forecast Pipeline","executionId":"46","nodeType":"n8n-nodes-base.telegram","nodeName":"Telegram","nodeId":"df3d6fa6-a3cf-48de-9d83-944130ad4a04"}}
{"__type":"$$EventMessageConfirm","confirm":"e287d789-8a06-4934-bf89-afcc7e8c1035","ts":"2025-12-12T18:53:54.997-05:00","source":{"id":"0","name":"eventBus"}}
{"__type":"$$EventMessageNode","id":"50dc8e1d-6eb0-4589-a906-8ef5228ffb9c","ts":"2025-12-12T18:53:55.384-05:00","eventName":"n8n.node.finished","message":"n8n.node.finished","payload":{"workflowId":"jcpqryP7F7pgLFhG","workflowName":"Weekly Weather Forecast Pipeline","executionId":"46","nodeType":"n8n-nodes-base.telegram","nodeName":"Telegram","nodeId":"df3d6fa6-a3cf-48de-9d83-944130ad4a04"}}
{"__type":"$$EventMessageConfirm","confirm":"50dc8e1d-6eb0-4589-a906-8ef5228ffb9c","ts":"2025-12-12T18:53:55.384-05:00","source":{"id":"0","name":"eventBus"}}
{"__type":"$$EventMessageWorkflow","id":"18622e37-7cc8-4a1d-acbe-7651cd8ac7de","ts":"2025-12-12T18:53:55.387-05:00","eventName":"n8n.workflow.success","message":"n8n.workflow.success","payload":{"userId":"0c9a3827-5d7b-4f2b-9a5c-5480b8ddcc84","executionId":"46","success":true,"isManual":true,"workflowId":"jcpqryP7F7pgLFhG","workflowName":"Weekly Weather Forecast Pipeline"}}
{"__type":"$$EventMessageConfirm","confirm":"18622e37-7cc8-4a1d-acbe-7651cd8ac7de","ts":"2025-12-12T18:53:55.387-05:00","source":{"id":"0","name":"eventBus"}}
